#
# A fatal error has been detected by the Java Runtime Environment:
#
#  Internal Error (signature.cpp:54), pid=9808, tid=0x00002938
#  fatal error: expecting (
#
# JRE version: Java(TM) SE Runtime Environment (8.0_102-b14) (build 1.8.0_102-b14)
# Java VM: Java HotSpot(TM) Client VM (25.102-b14 mixed mode, sharing windows-x86 )
# Failed to write core dump. Minidumps are not enabled by default on client versions of Windows
#
# If you would like to submit a bug report, please visit:
#   http://bugreport.java.com/bugreport/crash.jsp
#

---------------  T H R E A D  ---------------

Current thread (0x026b2800):  VMThread [stack: 0x04960000,0x049b0000] [id=10552]

Stack: [0x04960000,0x049b0000],  sp=0x049ae57c,  free space=313k
Native frames: (J=compiled Java code, j=interpreted, Vv=VM code, C=native code)
V  [jvm.dll+0x1a9dbb]
V  [jvm.dll+0x1a2556]
V  [jvm.dll+0x172bf7]
V  [jvm.dll+0xb237d]
V  [jvm.dll+0xb3d4d]
V  [jvm.dll+0xb4adc]
V  [jvm.dll+0xb4e52]
V  [jvm.dll+0x86251]
V  [jvm.dll+0x868cd]
V  [jvm.dll+0x86dcb]
V  [jvm.dll+0xbc6af]
V  [jvm.dll+0xcd44b]
V  [jvm.dll+0x155b04]
V  [jvm.dll+0x155bf6]
V  [jvm.dll+0x17a1d2]
V  [jvm.dll+0x178bfa]
V  [jvm.dll+0x98100]
V  [jvm.dll+0x993f1]
V  [jvm.dll+0x952c9]
V  [jvm.dll+0x98fc3]
V  [jvm.dll+0x92ec5]
V  [jvm.dll+0x1b87e6]
V  [jvm.dll+0x182adb]
V  [jvm.dll+0x181ee1]
V  [jvm.dll+0x1822f7]
V  [jvm.dll+0x1824f2]
V  [jvm.dll+0x1c2506]
C  [msvcr100.dll+0x5c556]
C  [msvcr100.dll+0x5c600]
C  [KERNEL32.DLL+0x138f4]
C  [ntdll.dll+0x65de3]
C  [ntdll.dll+0x65dae]

JavaThread 0x00dec000 (nid = 3524) was being processed
Java frames: (J=compiled Java code, j=interpreted, Vv=VM code)
v  ~RuntimeStub::fast_new_instance Runtime1 stub
J 522 C1 com.team.engine.vecmath.Vec3.multiply(F)Lcom/team/engine/vecmath/Vec3; (34 bytes) @ 0x029a974f [0x029a96c0+0x8f]
j  com.team.rendering.DirectionalLight.getShadowMat()Lcom/team/engine/vecmath/Mat4;+19
j  com.team.engine.Engine.start(ZLcom/team/engine/AbstractGame;)V+497
j  com.team.engine.demos.GLDemo.main([Ljava/lang/String;)V+8
v  ~StubRoutines::call_stub
VM_Operation (0x00e3f6b0): GenCollectForAllocation, mode: safepoint, requested by thread 0x00dec000


---------------  P R O C E S S  ---------------

Java Threads: ( => current thread )
  0x1613dc00 JavaThread "Java2D Disposer" daemon [_thread_blocked, id=11868, stack(0x1ca00000,0x1ca50000)]
  0x0273f400 JavaThread "Service Thread" daemon [_thread_blocked, id=3516, stack(0x14db0000,0x14e00000)]
  0x02720400 JavaThread "C1 CompilerThread0" daemon [_thread_blocked, id=10504, stack(0x14d20000,0x14d70000)]
  0x0271f000 JavaThread "Attach Listener" daemon [_thread_blocked, id=5004, stack(0x14c90000,0x14ce0000)]
  0x0271d000 JavaThread "Signal Dispatcher" daemon [_thread_blocked, id=8648, stack(0x14c00000,0x14c50000)]
  0x02713000 JavaThread "Finalizer" daemon [_thread_blocked, id=11700, stack(0x14a90000,0x14ae0000)]
  0x026b6400 JavaThread "Reference Handler" daemon [_thread_blocked, id=11480, stack(0x14a00000,0x14a50000)]
  0x00dec000 JavaThread "main" [_thread_blocked, id=3524, stack(0x00df0000,0x00e40000)]

Other Threads:
=>0x026b2800 VMThread [stack: 0x04960000,0x049b0000] [id=10552]
  0x02755000 WatcherThread [stack: 0x15850000,0x158a0000] [id=11368]

VM state:at safepoint (normal execution)

VM Mutex/Monitor currently owned by a thread:  ([mutex/lock_event])
[0x00dea6e0] Threads_lock - owner thread: 0x026b2800
[0x00deb778] Heap_lock - owner thread: 0x00dec000

Heap:
 def new generation   total 4992K, used 4558K [0x04a00000, 0x04f60000, 0x09f50000)
  eden space 4480K, 100% used [0x04a00000, 0x04e60000, 0x04e60000)
  from space 512K,  15% used [0x04e60000, 0x04e73960, 0x04ee0000)
  to   space 512K,   1% used [0x04ee0000, 0x04ee1dd0, 0x04f60000)
 tenured generation   total 10944K, used 5566K [0x09f50000, 0x0aa00000, 0x14a00000)
   the space 10944K,  50% used [0x09f50000, 0x0a4bfb10, 0x0a4bfc00, 0x0aa00000)
 Metaspace       used 4872K, capacity 6294K, committed 6400K, reserved 6528K

Card table byte_map: [0x04830000,0x048c0000] byte_map_base: 0x0480b000

Polling page: 0x00e40000

CodeCache: size=32768Kb used=1910Kb max_used=1910Kb free=30857Kb
 bounds [0x02830000, 0x02a10000, 0x04830000]
 total_blobs=1278 nmethods=777 adapters=432
 compilation: enabled

Compilation events (10 events):
Event: 4.122 Thread 0x02720400  775             com.team.rendering.Mesh::draw (43 bytes)
Event: 4.122 Thread 0x02720400 nmethod 775 0x02a0ba88 code [0x02a0bc70, 0x02a0c254]
Event: 4.123 Thread 0x02720400  776             com.sun.jna.Structure$StructureSet::contains (15 bytes)
Event: 4.123 Thread 0x02720400 nmethod 776 0x02a0cbc8 code [0x02a0ccc0, 0x02a0cd6c]
Event: 4.123 Thread 0x02720400  777   !         com.sun.jna.Structure::getFieldValue (50 bytes)
Event: 4.124 Thread 0x02720400 nmethod 777 0x02a0cdc8 code [0x02a0cf30, 0x02a0d250]
Event: 4.139 Thread 0x02720400  778             com.bulletphysics.collision.dispatch.SimulationIslandManager::getIslandId (37 bytes)
Event: 4.139 Thread 0x02720400 nmethod 778 0x02a0d588 code [0x02a0d680, 0x02a0d760]
Event: 4.139 Thread 0x02720400  779             javax.vecmath.Vector3f::cross (76 bytes)
Event: 4.139 Thread 0x02720400 nmethod 779 0x02a0d888 code [0x02a0d980, 0x02a0da70]

GC Heap History (10 events):
Event: 2.539 GC heap after
Heap after GC invocations=30 (full 3):
 def new generation   total 4992K, used 9K [0x04a00000, 0x04f60000, 0x09f50000)
  eden space 4480K,   0% used [0x04a00000, 0x04a00000, 0x04e60000)
  from space 512K,   1% used [0x04e60000, 0x04e62498, 0x04ee0000)
  to   space 512K,   0% used [0x04ee0000, 0x04ee0000, 0x04f60000)
 tenured generation   total 10944K, used 9037K [0x09f50000, 0x0aa00000, 0x14a00000)
   the space 10944K,  82% used [0x09f50000, 0x0a8236f0, 0x0a823800, 0x0aa00000)
 Metaspace       used 4677K, capacity 6099K, committed 6144K, reserved 6528K
}
Event: 2.625 GC heap before
{Heap before GC invocations=30 (full 3):
 def new generation   total 4992K, used 4193K [0x04a00000, 0x04f60000, 0x09f50000)
  eden space 4480K,  93% used [0x04a00000, 0x04e16110, 0x04e60000)
  from space 512K,   1% used [0x04e60000, 0x04e62498, 0x04ee0000)
  to   space 512K,   0% used [0x04ee0000, 0x04ee0000, 0x04f60000)
 tenured generation   total 10944K, used 9037K [0x09f50000, 0x0aa00000, 0x14a00000)
   the space 10944K,  82% used [0x09f50000, 0x0a8236f0, 0x0a823800, 0x0aa00000)
 Metaspace       used 4677K, capacity 6099K, committed 6144K, reserved 6528K
Event: 2.626 GC heap after
Heap after GC invocations=31 (full 3):
 def new generation   total 4992K, used 37K [0x04a00000, 0x04f60000, 0x09f50000)
  eden space 4480K,   0% used [0x04a00000, 0x04a00000, 0x04e60000)
  from space 512K,   7% used [0x04ee0000, 0x04ee97b0, 0x04f60000)
  to   space 512K,   0% used [0x04e60000, 0x04e60000, 0x04ee0000)
 tenured generation   total 10944K, used 9037K [0x09f50000, 0x0aa00000, 0x14a00000)
   the space 10944K,  82% used [0x09f50000, 0x0a8236f0, 0x0a823800, 0x0aa00000)
 Metaspace       used 4677K, capacity 6099K, committed 6144K, reserved 6528K
}
Event: 2.654 GC heap before
{Heap before GC invocations=31 (full 3):
 def new generation   total 4992K, used 4515K [0x04a00000, 0x04f60000, 0x09f50000)
  eden space 4480K,  99% used [0x04a00000, 0x04e5f4d8, 0x04e60000)
  from space 512K,   7% used [0x04ee0000, 0x04ee97b0, 0x04f60000)
  to   space 512K,   0% used [0x04e60000, 0x04e60000, 0x04ee0000)
 tenured generation   total 10944K, used 9037K [0x09f50000, 0x0aa00000, 0x14a00000)
   the space 10944K,  82% used [0x09f50000, 0x0a8236f0, 0x0a823800, 0x0aa00000)
 Metaspace       used 4677K, capacity 6099K, committed 6144K, reserved 6528K
Event: 2.667 GC heap after
Heap after GC invocations=32 (full 4):
 def new generation   total 4992K, used 0K [0x04a00000, 0x04f60000, 0x09f50000)
  eden space 4480K,   0% used [0x04a00000, 0x04a00000, 0x04e60000)
  from space 512K,   0% used [0x04e60000, 0x04e60000, 0x04ee0000)
  to   space 512K,   0% used [0x04ee0000, 0x04ee0000, 0x04f60000)
 tenured generation   total 10944K, used 5566K [0x09f50000, 0x0aa00000, 0x14a00000)
   the space 10944K,  50% used [0x09f50000, 0x0a4bfb10, 0x0a4bfc00, 0x0aa00000)
 Metaspace       used 4677K, capacity 6099K, committed 6144K, reserved 6528K
}
Event: 2.721 GC heap before
{Heap before GC invocations=32 (full 4):
 def new generation   total 4992K, used 2364K [0x04a00000, 0x04f60000, 0x09f50000)
  eden space 4480K,  52% used [0x04a00000, 0x04c4f2a0, 0x04e60000)
  from space 512K,   0% used [0x04e60000, 0x04e60000, 0x04ee0000)
  to   space 512K,   0% used [0x04ee0000, 0x04ee0000, 0x04f60000)
 tenured generation   total 10944K, used 5566K [0x09f50000, 0x0aa00000, 0x14a00000)
   the space 10944K,  50% used [0x09f50000, 0x0a4bfb10, 0x0a4bfc00, 0x0aa00000)
 Metaspace       used 4677K, capacity 6099K, committed 6144K, reserved 6528K
Event: 2.722 GC heap after
Heap after GC invocations=33 (full 4):
 def new generation   total 4992K, used 8K [0x04a00000, 0x04f60000, 0x09f50000)
  eden space 4480K,   0% used [0x04a00000, 0x04a00000, 0x04e60000)
  from space 512K,   1% used [0x04ee0000, 0x04ee2108, 0x04f60000)
  to   space 512K,   0% used [0x04e60000, 0x04e60000, 0x04ee0000)
 tenured generation   total 10944K, used 5566K [0x09f50000, 0x0aa00000, 0x14a00000)
   the space 10944K,  50% used [0x09f50000, 0x0a4bfb10, 0x0a4bfc00, 0x0aa00000)
 Metaspace       used 4677K, capacity 6099K, committed 6144K, reserved 6528K
}
Event: 2.835 GC heap before
{Heap before GC invocations=33 (full 4):
 def new generation   total 4992K, used 4488K [0x04a00000, 0x04f60000, 0x09f50000)
  eden space 4480K, 100% used [0x04a00000, 0x04e60000, 0x04e60000)
  from space 512K,   1% used [0x04ee0000, 0x04ee2108, 0x04f60000)
  to   space 512K,   0% used [0x04e60000, 0x04e60000, 0x04ee0000)
 tenured generation   total 10944K, used 5566K [0x09f50000, 0x0aa00000, 0x14a00000)
   the space 10944K,  50% used [0x09f50000, 0x0a4bfb10, 0x0a4bfc00, 0x0aa00000)
 Metaspace       used 4796K, capacity 6195K, committed 6272K, reserved 6528K
Event: 2.835 GC heap after
Heap after GC invocations=34 (full 4):
 def new generation   total 4992K, used 78K [0x04a00000, 0x04f60000, 0x09f50000)
  eden space 4480K,   0% used [0x04a00000, 0x04a00000, 0x04e60000)
  from space 512K,  15% used [0x04e60000, 0x04e73960, 0x04ee0000)
  to   space 512K,   0% used [0x04ee0000, 0x04ee0000, 0x04f60000)
 tenured generation   total 10944K, used 5566K [0x09f50000, 0x0aa00000, 0x14a00000)
   the space 10944K,  50% used [0x09f50000, 0x0a4bfb10, 0x0a4bfc00, 0x0aa00000)
 Metaspace       used 4796K, capacity 6195K, committed 6272K, reserved 6528K
}
Event: 4.140 GC heap before
{Heap before GC invocations=34 (full 4):
 def new generation   total 4992K, used 4558K [0x04a00000, 0x04f60000, 0x09f50000)
  eden space 4480K, 100% used [0x04a00000, 0x04e60000, 0x04e60000)
  from space 512K,  15% used [0x04e60000, 0x04e73960, 0x04ee0000)
  to   space 512K,   0% used [0x04ee0000, 0x04ee0000, 0x04f60000)
 tenured generation   total 10944K, used 5566K [0x09f50000, 0x0aa00000, 0x14a00000)
   the space 10944K,  50% used [0x09f50000, 0x0a4bfb10, 0x0a4bfc00, 0x0aa00000)
 Metaspace       used 4872K, capacity 6294K, committed 6400K, reserved 6528K

Deoptimization events (0 events):
No events

Internal exceptions (10 events):
Event: 0.054 Thread 0x00dec000 Exception <a 'java/security/PrivilegedActionException'> (0x04b89c90) thrown at [C:\re\workspace\8-2-build-windows-i586-cygwin\jdk8u102\7268\hotspot\src\share\vm\prims\jvm.cpp, line 1386]
Event: 0.054 Thread 0x00dec000 Exception <a 'java/security/PrivilegedActionException'> (0x04b89e90) thrown at [C:\re\workspace\8-2-build-windows-i586-cygwin\jdk8u102\7268\hotspot\src\share\vm\prims\jvm.cpp, line 1386]
Event: 0.054 Thread 0x00dec000 Exception <a 'java/security/PrivilegedActionException'> (0x04b8dcc8) thrown at [C:\re\workspace\8-2-build-windows-i586-cygwin\jdk8u102\7268\hotspot\src\share\vm\prims\jvm.cpp, line 1386]
Event: 0.054 Thread 0x00dec000 Exception <a 'java/security/PrivilegedActionException'> (0x04b8dec8) thrown at [C:\re\workspace\8-2-build-windows-i586-cygwin\jdk8u102\7268\hotspot\src\share\vm\prims\jvm.cpp, line 1386]
Event: 0.146 Thread 0x00dec000 Exception <a 'java/lang/NoSuchFieldError': method resolution failed> (0x04a1d508) thrown at [C:\re\workspace\8-2-build-windows-i586-cygwin\jdk8u102\7268\hotspot\src\share\vm\prims\methodHandles.cpp, line 1146]
Event: 0.147 Thread 0x00dec000 Exception <a 'java/lang/NoSuchFieldError': method resolution failed> (0x04a29818) thrown at [C:\re\workspace\8-2-build-windows-i586-cygwin\jdk8u102\7268\hotspot\src\share\vm\prims\methodHandles.cpp, line 1146]
Event: 0.897 Thread 0x00dec000 Exception <a 'java/io/FileNotFoundException'> (0x04ac40d8) thrown at [C:\re\workspace\8-2-build-windows-i586-cygwin\jdk8u102\7268\hotspot\src\share\vm\prims\jni.cpp, line 709]
Event: 1.392 Thread 0x00dec000 Exception <a 'java/lang/UnsatisfiedLinkError': The specified module could not be found.
> (0x04d03f20) thrown at [C:\re\workspace\8-2-build-windows-i586-cygwin\jdk8u102\7268\hotspot\src\share\vm\prims\jni.cpp, line 735]
Event: 1.393 Thread 0x00dec000 Exception <a 'java/lang/UnsatisfiedLinkError': The specified module could not be found.
> (0x04d04260) thrown at [C:\re\workspace\8-2-build-windows-i586-cygwin\jdk8u102\7268\hotspot\src\share\vm\prims\jni.cpp, line 735]
Event: 1.394 Thread 0x00dec000 Exception <a 'java/lang/UnsatisfiedLinkError': The specified module could not be found.
> (0x04d04620) thrown at [C:\re\workspace\8-2-build-windows-i586-cygwin\jdk8u102\7268\hotspot\src\share\vm\prims\jni.cpp, line 735]

Events (10 events):
Event: 3.074 loading class com/bulletphysics/dynamics/constraintsolver/SolverConstraintType done
Event: 4.022 loading class com/bulletphysics/collision/narrowphase/GjkEpaSolver$Results
Event: 4.022 loading class com/bulletphysics/collision/narrowphase/GjkEpaSolver$Results done
Event: 4.022 loading class com/bulletphysics/collision/narrowphase/GjkEpaSolver$ResultsStatus
Event: 4.022 loading class com/bulletphysics/collision/narrowphase/GjkEpaSolver$ResultsStatus done
Event: 4.022 loading class com/bulletphysics/collision/narrowphase/GjkEpaSolver$EPA
Event: 4.022 loading class com/bulletphysics/collision/narrowphase/GjkEpaSolver$EPA done
Event: 4.043 Executing VM operation: EnableBiasedLocking
Event: 4.044 Executing VM operation: EnableBiasedLocking done
Event: 4.140 Executing VM operation: GenCollectForAllocation


Dynamic libraries:
0x00ba0000 - 0x00bd3000 	C:\Program Files (x86)\Java\jre1.8.0_102\bin\javaw.exe
0x77520000 - 0x7769b000 	C:\WINDOWS\SYSTEM32\ntdll.dll
0x74810000 - 0x748f0000 	C:\WINDOWS\SYSTEM32\KERNEL32.DLL
0x76de0000 - 0x76f5e000 	C:\WINDOWS\SYSTEM32\KERNELBASE.dll
0x74ee0000 - 0x74f5b000 	C:\WINDOWS\SYSTEM32\ADVAPI32.dll
0x74fc0000 - 0x7507e000 	C:\WINDOWS\SYSTEM32\msvcrt.dll
0x76bc0000 - 0x76c04000 	C:\WINDOWS\SYSTEM32\sechost.dll
0x75300000 - 0x753ad000 	C:\WINDOWS\SYSTEM32\RPCRT4.dll
0x74250000 - 0x7426e000 	C:\WINDOWS\SYSTEM32\SspiCli.dll
0x74240000 - 0x7424a000 	C:\WINDOWS\SYSTEM32\CRYPTBASE.dll
0x74920000 - 0x74978000 	C:\WINDOWS\SYSTEM32\bcryptPrimitives.dll
0x77390000 - 0x774d7000 	C:\WINDOWS\SYSTEM32\USER32.dll
0x76c90000 - 0x76ddf000 	C:\WINDOWS\SYSTEM32\GDI32.dll
0x6e120000 - 0x6e32f000 	C:\WINDOWS\WinSxS\x86_microsoft.windows.common-controls_6595b64144ccf1df_6.0.10586.589_none_ea8aeaa1b9b5d5d4\COMCTL32.dll
0x742c0000 - 0x7447d000 	C:\WINDOWS\SYSTEM32\combase.dll
0x748f0000 - 0x7491b000 	C:\WINDOWS\SYSTEM32\IMM32.DLL
0x54840000 - 0x548ff000 	C:\Program Files (x86)\Java\jre1.8.0_102\bin\msvcr100.dll
0x52fa0000 - 0x5336d000 	C:\Program Files (x86)\Java\jre1.8.0_102\bin\client\jvm.dll
0x76b10000 - 0x76b16000 	C:\WINDOWS\SYSTEM32\PSAPI.DLL
0x731a0000 - 0x731c4000 	C:\WINDOWS\SYSTEM32\WINMM.dll
0x6dfc0000 - 0x6dfc8000 	C:\WINDOWS\SYSTEM32\WSOCK32.dll
0x72780000 - 0x72788000 	C:\WINDOWS\SYSTEM32\VERSION.dll
0x751b0000 - 0x7520f000 	C:\WINDOWS\SYSTEM32\WS2_32.dll
0x00d50000 - 0x00d73000 	C:\WINDOWS\SYSTEM32\WINMMBASE.dll
0x774e0000 - 0x77517000 	C:\WINDOWS\SYSTEM32\cfgmgr32.dll
0x549c0000 - 0x549cc000 	C:\Program Files (x86)\Java\jre1.8.0_102\bin\verify.dll
0x54810000 - 0x54831000 	C:\Program Files (x86)\Java\jre1.8.0_102\bin\java.dll
0x549a0000 - 0x549b3000 	C:\Program Files (x86)\Java\jre1.8.0_102\bin\zip.dll
0x75570000 - 0x7696e000 	C:\WINDOWS\SYSTEM32\SHELL32.dll
0x74980000 - 0x74e7a000 	C:\WINDOWS\SYSTEM32\windows.storage.dll
0x74270000 - 0x742b5000 	C:\WINDOWS\SYSTEM32\shlwapi.dll
0x74fb0000 - 0x74fbc000 	C:\WINDOWS\SYSTEM32\kernel.appcore.dll
0x74610000 - 0x7469d000 	C:\WINDOWS\SYSTEM32\shcore.dll
0x750a0000 - 0x750e4000 	C:\WINDOWS\SYSTEM32\powrprof.dll
0x77370000 - 0x7737f000 	C:\WINDOWS\SYSTEM32\profapi.dll
0x6f330000 - 0x6f343000 	C:\WINDOWS\SYSTEM32\CRYPTSP.dll
0x6f300000 - 0x6f32f000 	C:\WINDOWS\system32\rsaenh.dll
0x72120000 - 0x7213b000 	C:\WINDOWS\SYSTEM32\bcrypt.dll
0x705b0000 - 0x705c9000 	C:\WINDOWS\SYSTEM32\USERENV.dll
0x547f0000 - 0x54806000 	C:\Program Files (x86)\Java\jre1.8.0_102\bin\net.dll
0x73f30000 - 0x73f7f000 	C:\WINDOWS\system32\mswsock.dll
0x73ea0000 - 0x73ecf000 	C:\WINDOWS\SYSTEM32\IPHLPAPI.DLL
0x74600000 - 0x74607000 	C:\WINDOWS\SYSTEM32\NSI.dll
0x70540000 - 0x70553000 	C:\WINDOWS\SYSTEM32\dhcpcsvc6.DLL
0x70520000 - 0x70534000 	C:\WINDOWS\SYSTEM32\dhcpcsvc.DLL
0x547e0000 - 0x547ef000 	C:\Program Files (x86)\Java\jre1.8.0_102\bin\nio.dll
0x54560000 - 0x5457d000 	C:\Users\Joseph\AppData\Local\Temp\jna--2070372689\jna7769352116464583812.dll
0x51df0000 - 0x51ea8000 	C:\Users\Joseph\git\Game-Engine\native\lwjgl32.dll
0x75210000 - 0x752fb000 	C:\WINDOWS\SYSTEM32\ole32.dll
0x54520000 - 0x54556000 	C:\Users\Joseph\git\Game-Engine\native\glfw32.dll
0x6f510000 - 0x6f585000 	C:\WINDOWS\system32\uxtheme.dll
0x53b90000 - 0x53bc6000 	C:\WINDOWS\SYSTEM32\dinput8.dll
0x53b80000 - 0x53b8b000 	C:\WINDOWS\SYSTEM32\xinput1_4.dll
0x6ef20000 - 0x6ef42000 	C:\WINDOWS\SYSTEM32\DEVOBJ.dll
0x6f4f0000 - 0x6f50d000 	C:\WINDOWS\SYSTEM32\dwmapi.dll
0x5d470000 - 0x5d550000 	C:\WINDOWS\SYSTEM32\opengl32.dll
0x5d380000 - 0x5d46e000 	C:\WINDOWS\SYSTEM32\DDRAW.dll
0x5d350000 - 0x5d375000 	C:\WINDOWS\SYSTEM32\GLU32.dll
0x5d340000 - 0x5d347000 	C:\WINDOWS\SYSTEM32\DCIMAN32.dll
0x6de50000 - 0x6de5a000 	C:\WINDOWS\SYSTEM32\HID.DLL
0x76f60000 - 0x7736b000 	C:\WINDOWS\SYSTEM32\SETUPAPI.DLL
0x74f60000 - 0x74fa2000 	C:\WINDOWS\SYSTEM32\WINTRUST.dll
0x77380000 - 0x7738e000 	C:\WINDOWS\SYSTEM32\MSASN1.dll
0x74480000 - 0x745f9000 	C:\WINDOWS\SYSTEM32\CRYPT32.dll
0x544f0000 - 0x54513000 	C:\WINDOWS\SYSTEM32\vulkan-1.dll
0x51d00000 - 0x51dee000 	C:\Program Files (x86)\Java\jre1.8.0_102\bin\MSVCR120.dll
0x717e0000 - 0x71808000 	C:\WINDOWS\SYSTEM32\ntmarta.dll
0x75440000 - 0x7555f000 	C:\WINDOWS\SYSTEM32\MSCTF.dll
0x68e60000 - 0x6a6cc000 	C:\WINDOWS\SYSTEM32\nvoglv32.DLL
0x65f50000 - 0x6608f000 	C:\WINDOWS\SYSTEM32\dbghelp.dll
0x73310000 - 0x7331f000 	C:\WINDOWS\SYSTEM32\WTSAPI32.dll
0x70560000 - 0x705a4000 	C:\WINDOWS\SYSTEM32\WINSTA.dll
0x6e760000 - 0x6e7e2000 	C:\WINDOWS\system32\dxgi.dll
0x67520000 - 0x6773a000 	C:\WINDOWS\system32\d3d11.dll
0x51eb0000 - 0x52f96000 	C:\WINDOWS\SYSTEM32\nvwgf2um.dll
0x6c120000 - 0x6c271000 	C:\WINDOWS\system32\nvspcap.dll
0x76970000 - 0x76a05000 	C:\WINDOWS\SYSTEM32\OLEAUT32.dll
0x73bb0000 - 0x73c4b000 	C:\WINDOWS\SYSTEM32\WINHTTP.dll
0x6e7f0000 - 0x6eb5b000 	C:\WINDOWS\system32\nvapi.dll
0x51c30000 - 0x51cf2000 	C:\Users\Joseph\git\Game-Engine\native\OpenAL32.dll
0x753b0000 - 0x75434000 	C:\WINDOWS\SYSTEM32\clbcatq.dll
0x65ac0000 - 0x65b15000 	C:\WINDOWS\System32\MMDevApi.dll
0x6dfd0000 - 0x6e11b000 	C:\WINDOWS\System32\PROPSYS.dll
0x65b20000 - 0x65ba6000 	C:\WINDOWS\SYSTEM32\dsound.dll
0x65a30000 - 0x65a98000 	C:\WINDOWS\SYSTEM32\AUDIOSES.DLL
0x6f3a0000 - 0x6f468000 	C:\WINDOWS\SYSTEM32\wintypes.dll
0x51c00000 - 0x51c2d000 	C:\Users\Joseph\git\Game-Engine\native\jemalloc32.dll
0x51ab0000 - 0x51bf5000 	C:\Program Files (x86)\Java\jre1.8.0_102\bin\awt.dll
0x6f590000 - 0x6f622000 	C:\WINDOWS\system32\apphelp.dll
0x51a80000 - 0x51aa6000 	C:\Program Files (x86)\Java\jre1.8.0_102\bin\jpeg.dll
0x51a50000 - 0x51a80000 	C:\Program Files (x86)\Java\jre1.8.0_102\bin\lcms.dll
0x51a00000 - 0x51a44000 	C:\Users\Joseph\git\Game-Engine\bin\win32-x86\openvr_api.dll
0x517f0000 - 0x519f5000 	C:\Program Files (x86)\Steam\steamapps\common\SteamVR\bin\vrclient.dll
0x51770000 - 0x517e1000 	C:\WINDOWS\SYSTEM32\MSVCP120.dll
0x544e0000 - 0x544f0000 	C:\Program Files (x86)\Steam\steamapps\common\SteamVR\drivers\null\bin\win32\driver_null.dll

VM Arguments:
jvm_args: -Djava.library.path=C:\Users\Joseph\git\Game-Engine\native -Dfile.encoding=Cp1252 
java_command: com.team.engine.demos.GLDemo
java_class_path (initial): C:\Users\Joseph\git\Game-Engine\bin;C:\Users\Joseph\git\Game-Engine\lib\jbullet.jar;C:\Users\Joseph\git\Game-Engine\lib\stack-alloc.jar;C:\Users\Joseph\git\Game-Engine\lib\vecmath.jar;C:\Users\Joseph\git\Game-Engine\lib\lwjgl.jar;C:\Users\Joseph\git\Game-Engine\lib\libtiled.jar;C:\Users\Joseph\git\Game-Engine\lib\luaj-jse-3.0.1.jar;C:\Users\Joseph\git\Game-Engine\lib\jna-4.2.2.jar
Launcher Type: SUN_STANDARD

Environment Variables:
PATH=C:/Program Files/Java/jre1.8.0_102/bin/server;C:/Program Files/Java/jre1.8.0_102/bin;C:/Program Files/Java/jre1.8.0_102/lib/amd64;C:\ProgramData\Oracle\Java\javapath;C:\Program Files (x86)\Intel\iCLS Client\;C:\Program Files\Intel\iCLS Client\;C:\WINDOWS\system32;C:\WINDOWS;C:\WINDOWS\System32\Wbem;C:\WINDOWS\System32\WindowsPowerShell\v1.0\;C:\Program Files\Intel\Intel(R) Management Engine Components\DAL;C:\Program Files (x86)\Intel\Intel(R) Management Engine Components\DAL;C:\Program Files\Intel\Intel(R) Management Engine Components\IPT;C:\Program Files (x86)\Intel\Intel(R) Management Engine Components\IPT;C:\Program Files (x86)\GtkSharp\2.12\bin;C:\Program Files\WorldPainter;C:\Program Files (x86)\NVIDIA Corporation\PhysX\Common;C:\Program Files (x86)\Windows Kits\8.1\Windows Performance Toolkit\;C:\Program Files\ffmpeg\bin;C:\ProgramData\Oracle\Java\javapath;C:\Program Files (x86)\Intel\iCLS Client\;C:\Program Files\Intel\iCLS Client\;C:\Program Files (x86)\NVIDIA Corporation\PhysX\Common;C:\Windows\system32;C:\Windows;C:\Windows\System32\Wbem;C:\Windows\System32\WindowsPowerShell\v1.0\;C:\Program Files\Intel\Intel(R) Management Engine Components\DAL;C:\Program Files (x86)\Intel\Intel(R) Management Engine Components\DAL;C:\Program Files\Intel\Intel(R) Management Engine Components\IPT;C:\Program Files (x86)\Intel\Intel(R) Management Engine Components\IPT;C:\Program Files (x86)\GtkSharp\2.12\bin;C:\MinGW\bin;C:\MinGW\msys\1.0\bin;"C:\Program Files (x86)\Java\jdk1.8.0_102\bin";C:\Program Files (x86)\CMake\bin;C:\Users\Joseph\Desktop;
USERNAME=Joseph
OS=Windows_NT
PROCESSOR_IDENTIFIER=Intel64 Family 6 Model 60 Stepping 3, GenuineIntel



---------------  S Y S T E M  ---------------

OS: Windows 10.0 , 64 bit Build 10586 (10.0.10586.589)

CPU:total 8 (4 cores per cpu, 2 threads per core) family 6 model 60 stepping 3, cmov, cx8, fxsr, mmx, sse, sse2, sse3, ssse3, sse4.1, sse4.2, popcnt, avx, avx2, aes, clmul, erms, lzcnt, ht, tsc, tscinvbit, bmi1, bmi2

Memory: 4k page, physical 8270160k(3964952k free), swap 12202320k(6491072k free)

vm_info: Java HotSpot(TM) Client VM (25.102-b14) for windows-x86 JRE (1.8.0_102-b14), built on Jun 22 2016 13:13:29 by "java_re" with MS VC++ 10.0 (VS2010)

time: Sat Oct 01 22:06:07 2016
elapsed time: 4 seconds (0d 0h 0m 4s)

