#
# A fatal error has been detected by the Java Runtime Environment:
#
#  Internal Error (signature.cpp:54), pid=12168, tid=0x00002c28
#  fatal error: expecting (
#
# JRE version: Java(TM) SE Runtime Environment (8.0_102-b14) (build 1.8.0_102-b14)
# Java VM: Java HotSpot(TM) Client VM (25.102-b14 mixed mode, sharing windows-x86 )
# Failed to write core dump. Minidumps are not enabled by default on client versions of Windows
#
# If you would like to submit a bug report, please visit:
#   http://bugreport.java.com/bugreport/crash.jsp
#

---------------  T H R E A D  ---------------

Current thread (0x02bb2800):  VMThread [stack: 0x15850000,0x158a0000] [id=11304]

Stack: [0x15850000,0x158a0000],  sp=0x1589e9ec,  free space=314k
Native frames: (J=compiled Java code, j=interpreted, Vv=VM code, C=native code)
V  [jvm.dll+0x1a9dbb]
V  [jvm.dll+0x1a2556]
V  [jvm.dll+0x172bf7]
V  [jvm.dll+0xb237d]
V  [jvm.dll+0xb3d4d]
V  [jvm.dll+0xb4adc]
V  [jvm.dll+0xb4e52]
V  [jvm.dll+0x86251]
V  [jvm.dll+0x868cd]
V  [jvm.dll+0x86dcb]
V  [jvm.dll+0xbc6af]
V  [jvm.dll+0xcd44b]
V  [jvm.dll+0x155b04]
V  [jvm.dll+0x155bf6]
V  [jvm.dll+0x17a1d2]
V  [jvm.dll+0x178bfa]
V  [jvm.dll+0x98100]
V  [jvm.dll+0x993f1]
V  [jvm.dll+0x952c9]
V  [jvm.dll+0x98fc3]
V  [jvm.dll+0x92ec5]
V  [jvm.dll+0x1b87e6]
V  [jvm.dll+0x182adb]
V  [jvm.dll+0x181ee1]
V  [jvm.dll+0x1822f7]
V  [jvm.dll+0x1824f2]
V  [jvm.dll+0x1c2506]
C  [msvcr100.dll+0x5c556]
C  [msvcr100.dll+0x5c600]
C  [KERNEL32.DLL+0x138f4]
C  [ntdll.dll+0x65de3]
C  [ntdll.dll+0x65dae]

JavaThread 0x013bc000 (nid = 11296) was being processed
Java frames: (J=compiled Java code, j=interpreted, Vv=VM code)
j  java.lang.reflect.Constructor.copy()Ljava/lang/reflect/Constructor;+17
j  java.lang.reflect.ReflectAccess.copyConstructor(Ljava/lang/reflect/Constructor;)Ljava/lang/reflect/Constructor;+1
j  sun.reflect.ReflectionFactory.copyConstructor(Ljava/lang/reflect/Constructor;)Ljava/lang/reflect/Constructor;+4
j  java.lang.Class.getConstructor0([Ljava/lang/Class;I)Ljava/lang/reflect/Constructor;+56
j  java.lang.Class.getConstructor([Ljava/lang/Class;)Ljava/lang/reflect/Constructor;+12
j  com.sun.jna.Structure.newInstance(Ljava/lang/Class;Lcom/sun/jna/Pointer;)Lcom/sun/jna/Structure;+10
j  com.sun.jna.Structure.initializeField(Ljava/lang/reflect/Field;Ljava/lang/Class;)Ljava/lang/Object;+24
J 675 C1 com.sun.jna.Structure.initializeFields()V (106 bytes) @ 0x02e36920 [0x02e36880+0xa0]
j  com.sun.jna.Structure.<init>(Lcom/sun/jna/Pointer;ILcom/sun/jna/TypeMapper;)V+75
j  com.sun.jna.Structure.<init>(Lcom/sun/jna/Pointer;I)V+4
j  com.sun.jna.Structure.<init>(Lcom/sun/jna/Pointer;)V+3
j  com.sun.jna.Union.<init>(Lcom/sun/jna/Pointer;)V+2
j  vr.VREvent_Data_t.<init>(Lcom/sun/jna/Pointer;)V+2
j  sun.reflect.GeneratedConstructorAccessor15.newInstance([Ljava/lang/Object;)Ljava/lang/Object;+28
j  sun.reflect.DelegatingConstructorAccessorImpl.newInstance([Ljava/lang/Object;)Ljava/lang/Object;+5
j  java.lang.reflect.Constructor.newInstance([Ljava/lang/Object;)Ljava/lang/Object;+79
j  com.sun.jna.Structure.newInstance(Ljava/lang/Class;Lcom/sun/jna/Pointer;)Lcom/sun/jna/Structure;+23
j  com.sun.jna.Structure.initializeField(Ljava/lang/reflect/Field;Ljava/lang/Class;)Ljava/lang/Object;+24
J 675 C1 com.sun.jna.Structure.initializeFields()V (106 bytes) @ 0x02e36920 [0x02e36880+0xa0]
j  com.sun.jna.Structure.<init>(Lcom/sun/jna/Pointer;ILcom/sun/jna/TypeMapper;)V+75
j  com.sun.jna.Structure.<init>(Lcom/sun/jna/Pointer;I)V+4
j  com.sun.jna.Structure.<init>(I)V+3
j  com.sun.jna.Structure.<init>()V+2
j  vr.VREvent_t.<init>()V+1
j  com.team.engine.demos.GLDemo.render()V+98
j  com.team.engine.Engine.start(ZLcom/team/engine/AbstractGame;)V+636
j  com.team.engine.demos.GLDemo.main([Ljava/lang/String;)V+8
v  ~StubRoutines::call_stub
VM_Operation (0x02b8f220): GenCollectForAllocation, mode: safepoint, requested by thread 0x013bc000


---------------  P R O C E S S  ---------------

Java Threads: ( => current thread )
  0x16519000 JavaThread "Java2D Disposer" daemon [_thread_blocked, id=10464, stack(0x1cee0000,0x1cf30000)]
  0x02c40c00 JavaThread "Service Thread" daemon [_thread_blocked, id=11352, stack(0x16240000,0x16290000)]
  0x02c21c00 JavaThread "C1 CompilerThread0" daemon [_thread_blocked, id=11348, stack(0x161b0000,0x16200000)]
  0x02c21000 JavaThread "Attach Listener" daemon [_thread_blocked, id=9984, stack(0x16120000,0x16170000)]
  0x02c1d000 JavaThread "Signal Dispatcher" daemon [_thread_blocked, id=11156, stack(0x16090000,0x160e0000)]
  0x02c13000 JavaThread "Finalizer" daemon [_thread_blocked, id=11344, stack(0x15970000,0x159c0000)]
  0x02bb6400 JavaThread "Reference Handler" daemon [_thread_blocked, id=5076, stack(0x158e0000,0x15930000)]
  0x013bc000 JavaThread "main" [_thread_blocked, id=11296, stack(0x02b40000,0x02b90000)]

Other Threads:
=>0x02bb2800 VMThread [stack: 0x15850000,0x158a0000] [id=11304]
  0x02c56400 WatcherThread [stack: 0x162d0000,0x16320000] [id=11360]

VM state:at safepoint (normal execution)

VM Mutex/Monitor currently owned by a thread:  ([mutex/lock_event])
[0x013ba610] Threads_lock - owner thread: 0x02bb2800
[0x013bb230] Heap_lock - owner thread: 0x013bc000

Heap:
 def new generation   total 4992K, used 4558K [0x04e00000, 0x05360000, 0x0a350000)
  eden space 4480K, 100% used [0x04e00000, 0x05260000, 0x05260000)
  from space 512K,  15% used [0x05260000, 0x05273960, 0x052e0000)
  to   space 512K,   2% used [0x052e0000, 0x052e3108, 0x05360000)
 tenured generation   total 10944K, used 5565K [0x0a350000, 0x0ae00000, 0x14e00000)
   the space 10944K,  50% used [0x0a350000, 0x0a8bf560, 0x0a8bf600, 0x0ae00000)
 Metaspace       used 4936K, capacity 6329K, committed 6400K, reserved 6528K

Card table byte_map: [0x04d10000,0x04da0000] byte_map_base: 0x04ce9000

Polling page: 0x01390000

CodeCache: size=32768Kb used=1938Kb max_used=1938Kb free=30829Kb
 bounds [0x02c90000, 0x02e78000, 0x04c90000]
 total_blobs=1313 nmethods=811 adapters=433
 compilation: enabled

Compilation events (10 events):
Event: 4.195 Thread 0x02c21c00  809             java.lang.Class::getReflectionFactory (26 bytes)
Event: 4.196 Thread 0x02c21c00 nmethod 809 0x02e73a08 code [0x02e73b10, 0x02e73c1c]
Event: 4.196 Thread 0x02c21c00  810             com.bulletphysics.$Stack::push$com$bulletphysics$linearmath$Transform (37 bytes)
Event: 4.196 Thread 0x02c21c00 nmethod 810 0x02e73cc8 code [0x02e73dd0, 0x02e73f8c]
Event: 4.196 Thread 0x02c21c00  811             com.bulletphysics.$Stack::pop$com$bulletphysics$linearmath$Transform (21 bytes)
Event: 4.196 Thread 0x02c21c00 nmethod 811 0x02e740c8 code [0x02e741c0, 0x02e74270]
Event: 4.197 Thread 0x02c21c00  812             com.bulletphysics.dynamics.RigidBody::getLinearVelocity (10 bytes)
Event: 4.197 Thread 0x02c21c00 nmethod 812 0x02e74308 code [0x02e74400, 0x02e744b0]
Event: 4.213 Thread 0x02c21c00  813             org.lwjgl.opengl.GL30::glBindVertexArray (24 bytes)
Event: 4.214 Thread 0x02c21c00 nmethod 813 0x02e74548 code [0x02e74680, 0x02e74870]

GC Heap History (10 events):
Event: 2.638 GC heap after
Heap after GC invocations=30 (full 3):
 def new generation   total 4992K, used 9K [0x04e00000, 0x05360000, 0x0a350000)
  eden space 4480K,   0% used [0x04e00000, 0x04e00000, 0x05260000)
  from space 512K,   1% used [0x05260000, 0x05262498, 0x052e0000)
  to   space 512K,   0% used [0x052e0000, 0x052e0000, 0x05360000)
 tenured generation   total 10944K, used 9037K [0x0a350000, 0x0ae00000, 0x14e00000)
   the space 10944K,  82% used [0x0a350000, 0x0ac237d8, 0x0ac23800, 0x0ae00000)
 Metaspace       used 4677K, capacity 6099K, committed 6144K, reserved 6528K
}
Event: 2.743 GC heap before
{Heap before GC invocations=30 (full 3):
 def new generation   total 4992K, used 4193K [0x04e00000, 0x05360000, 0x0a350000)
  eden space 4480K,  93% used [0x04e00000, 0x05215fd8, 0x05260000)
  from space 512K,   1% used [0x05260000, 0x05262498, 0x052e0000)
  to   space 512K,   0% used [0x052e0000, 0x052e0000, 0x05360000)
 tenured generation   total 10944K, used 9037K [0x0a350000, 0x0ae00000, 0x14e00000)
   the space 10944K,  82% used [0x0a350000, 0x0ac237d8, 0x0ac23800, 0x0ae00000)
 Metaspace       used 4677K, capacity 6099K, committed 6144K, reserved 6528K
Event: 2.744 GC heap after
Heap after GC invocations=31 (full 3):
 def new generation   total 4992K, used 37K [0x04e00000, 0x05360000, 0x0a350000)
  eden space 4480K,   0% used [0x04e00000, 0x04e00000, 0x05260000)
  from space 512K,   7% used [0x052e0000, 0x052e97b0, 0x05360000)
  to   space 512K,   0% used [0x05260000, 0x05260000, 0x052e0000)
 tenured generation   total 10944K, used 9037K [0x0a350000, 0x0ae00000, 0x14e00000)
   the space 10944K,  82% used [0x0a350000, 0x0ac237d8, 0x0ac23800, 0x0ae00000)
 Metaspace       used 4677K, capacity 6099K, committed 6144K, reserved 6528K
}
Event: 2.776 GC heap before
{Heap before GC invocations=31 (full 3):
 def new generation   total 4992K, used 4517K [0x04e00000, 0x05360000, 0x0a350000)
  eden space 4480K, 100% used [0x04e00000, 0x05260000, 0x05260000)
  from space 512K,   7% used [0x052e0000, 0x052e97b0, 0x05360000)
  to   space 512K,   0% used [0x05260000, 0x05260000, 0x052e0000)
 tenured generation   total 10944K, used 9037K [0x0a350000, 0x0ae00000, 0x14e00000)
   the space 10944K,  82% used [0x0a350000, 0x0ac237d8, 0x0ac23800, 0x0ae00000)
 Metaspace       used 4677K, capacity 6099K, committed 6144K, reserved 6528K
Event: 2.790 GC heap after
Heap after GC invocations=32 (full 4):
 def new generation   total 4992K, used 0K [0x04e00000, 0x05360000, 0x0a350000)
  eden space 4480K,   0% used [0x04e00000, 0x04e00000, 0x05260000)
  from space 512K,   0% used [0x05260000, 0x05260000, 0x052e0000)
  to   space 512K,   0% used [0x052e0000, 0x052e0000, 0x05360000)
 tenured generation   total 10944K, used 5565K [0x0a350000, 0x0ae00000, 0x14e00000)
   the space 10944K,  50% used [0x0a350000, 0x0a8bf560, 0x0a8bf600, 0x0ae00000)
 Metaspace       used 4677K, capacity 6099K, committed 6144K, reserved 6528K
}
Event: 2.835 GC heap before
{Heap before GC invocations=32 (full 4):
 def new generation   total 4992K, used 2413K [0x04e00000, 0x05360000, 0x0a350000)
  eden space 4480K,  53% used [0x04e00000, 0x0505b580, 0x05260000)
  from space 512K,   0% used [0x05260000, 0x05260000, 0x052e0000)
  to   space 512K,   0% used [0x052e0000, 0x052e0000, 0x05360000)
 tenured generation   total 10944K, used 5565K [0x0a350000, 0x0ae00000, 0x14e00000)
   the space 10944K,  50% used [0x0a350000, 0x0a8bf560, 0x0a8bf600, 0x0ae00000)
 Metaspace       used 4677K, capacity 6099K, committed 6144K, reserved 6528K
Event: 2.835 GC heap after
Heap after GC invocations=33 (full 4):
 def new generation   total 4992K, used 8K [0x04e00000, 0x05360000, 0x0a350000)
  eden space 4480K,   0% used [0x04e00000, 0x04e00000, 0x05260000)
  from space 512K,   1% used [0x052e0000, 0x052e2108, 0x05360000)
  to   space 512K,   0% used [0x05260000, 0x05260000, 0x052e0000)
 tenured generation   total 10944K, used 5565K [0x0a350000, 0x0ae00000, 0x14e00000)
   the space 10944K,  50% used [0x0a350000, 0x0a8bf560, 0x0a8bf600, 0x0ae00000)
 Metaspace       used 4677K, capacity 6099K, committed 6144K, reserved 6528K
}
Event: 2.986 GC heap before
{Heap before GC invocations=33 (full 4):
 def new generation   total 4992K, used 4488K [0x04e00000, 0x05360000, 0x0a350000)
  eden space 4480K, 100% used [0x04e00000, 0x05260000, 0x05260000)
  from space 512K,   1% used [0x052e0000, 0x052e2108, 0x05360000)
  to   space 512K,   0% used [0x05260000, 0x05260000, 0x052e0000)
 tenured generation   total 10944K, used 5565K [0x0a350000, 0x0ae00000, 0x14e00000)
   the space 10944K,  50% used [0x0a350000, 0x0a8bf560, 0x0a8bf600, 0x0ae00000)
 Metaspace       used 4796K, capacity 6195K, committed 6272K, reserved 6528K
Event: 2.986 GC heap after
Heap after GC invocations=34 (full 4):
 def new generation   total 4992K, used 78K [0x04e00000, 0x05360000, 0x0a350000)
  eden space 4480K,   0% used [0x04e00000, 0x04e00000, 0x05260000)
  from space 512K,  15% used [0x05260000, 0x05273960, 0x052e0000)
  to   space 512K,   0% used [0x052e0000, 0x052e0000, 0x05360000)
 tenured generation   total 10944K, used 5565K [0x0a350000, 0x0ae00000, 0x14e00000)
   the space 10944K,  50% used [0x0a350000, 0x0a8bf560, 0x0a8bf600, 0x0ae00000)
 Metaspace       used 4796K, capacity 6195K, committed 6272K, reserved 6528K
}
Event: 4.229 GC heap before
{Heap before GC invocations=34 (full 4):
 def new generation   total 4992K, used 4558K [0x04e00000, 0x05360000, 0x0a350000)
  eden space 4480K, 100% used [0x04e00000, 0x05260000, 0x05260000)
  from space 512K,  15% used [0x05260000, 0x05273960, 0x052e0000)
  to   space 512K,   0% used [0x052e0000, 0x052e0000, 0x05360000)
 tenured generation   total 10944K, used 5565K [0x0a350000, 0x0ae00000, 0x14e00000)
   the space 10944K,  50% used [0x0a350000, 0x0a8bf560, 0x0a8bf600, 0x0ae00000)
 Metaspace       used 4936K, capacity 6329K, committed 6400K, reserved 6528K

Deoptimization events (0 events):
No events

Internal exceptions (10 events):
Event: 0.085 Thread 0x013bc000 Exception <a 'java/security/PrivilegedActionException'> (0x04f8a5d0) thrown at [C:\re\workspace\8-2-build-windows-i586-cygwin\jdk8u102\7268\hotspot\src\share\vm\prims\jvm.cpp, line 1386]
Event: 0.085 Thread 0x013bc000 Exception <a 'java/security/PrivilegedActionException'> (0x04f8a7d0) thrown at [C:\re\workspace\8-2-build-windows-i586-cygwin\jdk8u102\7268\hotspot\src\share\vm\prims\jvm.cpp, line 1386]
Event: 0.085 Thread 0x013bc000 Exception <a 'java/security/PrivilegedActionException'> (0x04f8e608) thrown at [C:\re\workspace\8-2-build-windows-i586-cygwin\jdk8u102\7268\hotspot\src\share\vm\prims\jvm.cpp, line 1386]
Event: 0.085 Thread 0x013bc000 Exception <a 'java/security/PrivilegedActionException'> (0x04f8e808) thrown at [C:\re\workspace\8-2-build-windows-i586-cygwin\jdk8u102\7268\hotspot\src\share\vm\prims\jvm.cpp, line 1386]
Event: 0.202 Thread 0x013bc000 Exception <a 'java/lang/NoSuchFieldError': method resolution failed> (0x04e1c6d0) thrown at [C:\re\workspace\8-2-build-windows-i586-cygwin\jdk8u102\7268\hotspot\src\share\vm\prims\methodHandles.cpp, line 1146]
Event: 0.203 Thread 0x013bc000 Exception <a 'java/lang/NoSuchFieldError': method resolution failed> (0x04e289e0) thrown at [C:\re\workspace\8-2-build-windows-i586-cygwin\jdk8u102\7268\hotspot\src\share\vm\prims\methodHandles.cpp, line 1146]
Event: 0.742 Thread 0x013bc000 Exception <a 'java/io/FileNotFoundException'> (0x04ec3cb0) thrown at [C:\re\workspace\8-2-build-windows-i586-cygwin\jdk8u102\7268\hotspot\src\share\vm\prims\jni.cpp, line 709]
Event: 1.333 Thread 0x013bc000 Exception <a 'java/lang/UnsatisfiedLinkError': The specified module could not be found.
> (0x05105050) thrown at [C:\re\workspace\8-2-build-windows-i586-cygwin\jdk8u102\7268\hotspot\src\share\vm\prims\jni.cpp, line 735]
Event: 1.334 Thread 0x013bc000 Exception <a 'java/lang/UnsatisfiedLinkError': The specified module could not be found.
> (0x05105390) thrown at [C:\re\workspace\8-2-build-windows-i586-cygwin\jdk8u102\7268\hotspot\src\share\vm\prims\jni.cpp, line 735]
Event: 1.335 Thread 0x013bc000 Exception <a 'java/lang/UnsatisfiedLinkError': The specified module could not be found.
> (0x05105750) thrown at [C:\re\workspace\8-2-build-windows-i586-cygwin\jdk8u102\7268\hotspot\src\share\vm\prims\jni.cpp, line 735]

Events (10 events):
Event: 3.208 loading class com/bulletphysics/dynamics/constraintsolver/SolverConstraintType done
Event: 4.074 Executing VM operation: EnableBiasedLocking
Event: 4.074 Executing VM operation: EnableBiasedLocking done
Event: 4.180 loading class com/bulletphysics/collision/narrowphase/GjkEpaSolver$Results
Event: 4.180 loading class com/bulletphysics/collision/narrowphase/GjkEpaSolver$Results done
Event: 4.181 loading class com/bulletphysics/collision/narrowphase/GjkEpaSolver$ResultsStatus
Event: 4.181 loading class com/bulletphysics/collision/narrowphase/GjkEpaSolver$ResultsStatus done
Event: 4.181 loading class com/bulletphysics/collision/narrowphase/GjkEpaSolver$EPA
Event: 4.181 loading class com/bulletphysics/collision/narrowphase/GjkEpaSolver$EPA done
Event: 4.229 Executing VM operation: GenCollectForAllocation


Dynamic libraries:
0x00ba0000 - 0x00bd3000 	C:\Program Files (x86)\Java\jre1.8.0_102\bin\javaw.exe
0x77520000 - 0x7769b000 	C:\WINDOWS\SYSTEM32\ntdll.dll
0x74810000 - 0x748f0000 	C:\WINDOWS\SYSTEM32\KERNEL32.DLL
0x76de0000 - 0x76f5e000 	C:\WINDOWS\SYSTEM32\KERNELBASE.dll
0x74ee0000 - 0x74f5b000 	C:\WINDOWS\SYSTEM32\ADVAPI32.dll
0x74fc0000 - 0x7507e000 	C:\WINDOWS\SYSTEM32\msvcrt.dll
0x76bc0000 - 0x76c04000 	C:\WINDOWS\SYSTEM32\sechost.dll
0x75300000 - 0x753ad000 	C:\WINDOWS\SYSTEM32\RPCRT4.dll
0x74250000 - 0x7426e000 	C:\WINDOWS\SYSTEM32\SspiCli.dll
0x74240000 - 0x7424a000 	C:\WINDOWS\SYSTEM32\CRYPTBASE.dll
0x74920000 - 0x74978000 	C:\WINDOWS\SYSTEM32\bcryptPrimitives.dll
0x77390000 - 0x774d7000 	C:\WINDOWS\SYSTEM32\USER32.dll
0x76c90000 - 0x76ddf000 	C:\WINDOWS\SYSTEM32\GDI32.dll
0x6e120000 - 0x6e32f000 	C:\WINDOWS\WinSxS\x86_microsoft.windows.common-controls_6595b64144ccf1df_6.0.10586.589_none_ea8aeaa1b9b5d5d4\COMCTL32.dll
0x742c0000 - 0x7447d000 	C:\WINDOWS\SYSTEM32\combase.dll
0x748f0000 - 0x7491b000 	C:\WINDOWS\SYSTEM32\IMM32.DLL
0x51120000 - 0x511df000 	C:\Program Files (x86)\Java\jre1.8.0_102\bin\msvcr100.dll
0x50d50000 - 0x5111d000 	C:\Program Files (x86)\Java\jre1.8.0_102\bin\client\jvm.dll
0x76b10000 - 0x76b16000 	C:\WINDOWS\SYSTEM32\PSAPI.DLL
0x6dfc0000 - 0x6dfc8000 	C:\WINDOWS\SYSTEM32\WSOCK32.dll
0x72780000 - 0x72788000 	C:\WINDOWS\SYSTEM32\VERSION.dll
0x731a0000 - 0x731c4000 	C:\WINDOWS\SYSTEM32\WINMM.dll
0x751b0000 - 0x7520f000 	C:\WINDOWS\SYSTEM32\WS2_32.dll
0x72140000 - 0x72163000 	C:\WINDOWS\SYSTEM32\WINMMBASE.dll
0x774e0000 - 0x77517000 	C:\WINDOWS\SYSTEM32\cfgmgr32.dll
0x514d0000 - 0x514dc000 	C:\Program Files (x86)\Java\jre1.8.0_102\bin\verify.dll
0x51220000 - 0x51241000 	C:\Program Files (x86)\Java\jre1.8.0_102\bin\java.dll
0x514b0000 - 0x514c3000 	C:\Program Files (x86)\Java\jre1.8.0_102\bin\zip.dll
0x75570000 - 0x7696e000 	C:\WINDOWS\SYSTEM32\SHELL32.dll
0x74980000 - 0x74e7a000 	C:\WINDOWS\SYSTEM32\windows.storage.dll
0x74270000 - 0x742b5000 	C:\WINDOWS\SYSTEM32\shlwapi.dll
0x74fb0000 - 0x74fbc000 	C:\WINDOWS\SYSTEM32\kernel.appcore.dll
0x74610000 - 0x7469d000 	C:\WINDOWS\SYSTEM32\shcore.dll
0x750a0000 - 0x750e4000 	C:\WINDOWS\SYSTEM32\powrprof.dll
0x77370000 - 0x7737f000 	C:\WINDOWS\SYSTEM32\profapi.dll
0x6f330000 - 0x6f343000 	C:\WINDOWS\SYSTEM32\CRYPTSP.dll
0x6f300000 - 0x6f32f000 	C:\WINDOWS\system32\rsaenh.dll
0x72120000 - 0x7213b000 	C:\WINDOWS\SYSTEM32\bcrypt.dll
0x705b0000 - 0x705c9000 	C:\WINDOWS\SYSTEM32\USERENV.dll
0x50890000 - 0x508a6000 	C:\Program Files (x86)\Java\jre1.8.0_102\bin\net.dll
0x73f30000 - 0x73f7f000 	C:\WINDOWS\system32\mswsock.dll
0x73ea0000 - 0x73ecf000 	C:\WINDOWS\SYSTEM32\IPHLPAPI.DLL
0x74600000 - 0x74607000 	C:\WINDOWS\SYSTEM32\NSI.dll
0x70540000 - 0x70553000 	C:\WINDOWS\SYSTEM32\dhcpcsvc6.DLL
0x70520000 - 0x70534000 	C:\WINDOWS\SYSTEM32\dhcpcsvc.DLL
0x51210000 - 0x5121f000 	C:\Program Files (x86)\Java\jre1.8.0_102\bin\nio.dll
0x50870000 - 0x5088d000 	C:\Users\Joseph\AppData\Local\Temp\jna--2070372689\jna3581215680264702306.dll
0x507b0000 - 0x50868000 	C:\Users\Joseph\git\Game-Engine\native\lwjgl32.dll
0x75210000 - 0x752fb000 	C:\WINDOWS\SYSTEM32\ole32.dll
0x50770000 - 0x507a6000 	C:\Users\Joseph\git\Game-Engine\native\glfw32.dll
0x6f510000 - 0x6f585000 	C:\WINDOWS\system32\uxtheme.dll
0x53b90000 - 0x53bc6000 	C:\WINDOWS\SYSTEM32\dinput8.dll
0x53b80000 - 0x53b8b000 	C:\WINDOWS\SYSTEM32\xinput1_4.dll
0x6ef20000 - 0x6ef42000 	C:\WINDOWS\SYSTEM32\DEVOBJ.dll
0x6f4f0000 - 0x6f50d000 	C:\WINDOWS\SYSTEM32\dwmapi.dll
0x5d470000 - 0x5d550000 	C:\WINDOWS\SYSTEM32\opengl32.dll
0x5d350000 - 0x5d375000 	C:\WINDOWS\SYSTEM32\GLU32.dll
0x5d380000 - 0x5d46e000 	C:\WINDOWS\SYSTEM32\DDRAW.dll
0x5d340000 - 0x5d347000 	C:\WINDOWS\SYSTEM32\DCIMAN32.dll
0x6de50000 - 0x6de5a000 	C:\WINDOWS\SYSTEM32\HID.DLL
0x76f60000 - 0x7736b000 	C:\WINDOWS\SYSTEM32\SETUPAPI.DLL
0x74f60000 - 0x74fa2000 	C:\WINDOWS\SYSTEM32\WINTRUST.dll
0x77380000 - 0x7738e000 	C:\WINDOWS\SYSTEM32\MSASN1.dll
0x74480000 - 0x745f9000 	C:\WINDOWS\SYSTEM32\CRYPT32.dll
0x50740000 - 0x50763000 	C:\WINDOWS\SYSTEM32\vulkan-1.dll
0x50650000 - 0x5073e000 	C:\Program Files (x86)\Java\jre1.8.0_102\bin\MSVCR120.dll
0x717e0000 - 0x71808000 	C:\WINDOWS\SYSTEM32\ntmarta.dll
0x75440000 - 0x7555f000 	C:\WINDOWS\SYSTEM32\MSCTF.dll
0x68e60000 - 0x6a6cc000 	C:\WINDOWS\SYSTEM32\nvoglv32.DLL
0x65f50000 - 0x6608f000 	C:\WINDOWS\SYSTEM32\dbghelp.dll
0x73310000 - 0x7331f000 	C:\WINDOWS\SYSTEM32\WTSAPI32.dll
0x70560000 - 0x705a4000 	C:\WINDOWS\SYSTEM32\WINSTA.dll
0x6e760000 - 0x6e7e2000 	C:\WINDOWS\system32\dxgi.dll
0x67520000 - 0x6773a000 	C:\WINDOWS\system32\d3d11.dll
0x51eb0000 - 0x52f96000 	C:\WINDOWS\SYSTEM32\nvwgf2um.dll
0x6c120000 - 0x6c271000 	C:\WINDOWS\system32\nvspcap.dll
0x76970000 - 0x76a05000 	C:\WINDOWS\SYSTEM32\OLEAUT32.dll
0x73bb0000 - 0x73c4b000 	C:\WINDOWS\SYSTEM32\WINHTTP.dll
0x6e7f0000 - 0x6eb5b000 	C:\WINDOWS\system32\nvapi.dll
0x50580000 - 0x50642000 	C:\Users\Joseph\git\Game-Engine\native\OpenAL32.dll
0x753b0000 - 0x75434000 	C:\WINDOWS\SYSTEM32\clbcatq.dll
0x65ac0000 - 0x65b15000 	C:\WINDOWS\System32\MMDevApi.dll
0x6dfd0000 - 0x6e11b000 	C:\WINDOWS\System32\PROPSYS.dll
0x65b20000 - 0x65ba6000 	C:\WINDOWS\SYSTEM32\dsound.dll
0x65a30000 - 0x65a98000 	C:\WINDOWS\SYSTEM32\AUDIOSES.DLL
0x6f3a0000 - 0x6f468000 	C:\WINDOWS\SYSTEM32\wintypes.dll
0x50550000 - 0x5057d000 	C:\Users\Joseph\git\Game-Engine\native\jemalloc32.dll
0x50400000 - 0x50545000 	C:\Program Files (x86)\Java\jre1.8.0_102\bin\awt.dll
0x6f590000 - 0x6f622000 	C:\WINDOWS\system32\apphelp.dll
0x503d0000 - 0x503f6000 	C:\Program Files (x86)\Java\jre1.8.0_102\bin\jpeg.dll
0x503a0000 - 0x503d0000 	C:\Program Files (x86)\Java\jre1.8.0_102\bin\lcms.dll
0x50350000 - 0x50394000 	C:\Users\Joseph\git\Game-Engine\bin\win32-x86\openvr_api.dll
0x50140000 - 0x50345000 	C:\Program Files (x86)\Steam\steamapps\common\SteamVR\bin\vrclient.dll
0x500c0000 - 0x50131000 	C:\WINDOWS\SYSTEM32\MSVCP120.dll
0x50d10000 - 0x50d20000 	C:\Program Files (x86)\Steam\steamapps\common\SteamVR\drivers\null\bin\win32\driver_null.dll

VM Arguments:
jvm_args: -Djava.library.path=C:\Users\Joseph\git\Game-Engine\native -Dfile.encoding=Cp1252 
java_command: com.team.engine.demos.GLDemo
java_class_path (initial): C:\Users\Joseph\git\Game-Engine\bin;C:\Users\Joseph\git\Game-Engine\lib\jbullet.jar;C:\Users\Joseph\git\Game-Engine\lib\stack-alloc.jar;C:\Users\Joseph\git\Game-Engine\lib\vecmath.jar;C:\Users\Joseph\git\Game-Engine\lib\lwjgl.jar;C:\Users\Joseph\git\Game-Engine\lib\libtiled.jar;C:\Users\Joseph\git\Game-Engine\lib\luaj-jse-3.0.1.jar;C:\Users\Joseph\git\Game-Engine\lib\jna-4.2.2.jar
Launcher Type: SUN_STANDARD

Environment Variables:
PATH=C:/Program Files/Java/jre1.8.0_102/bin/server;C:/Program Files/Java/jre1.8.0_102/bin;C:/Program Files/Java/jre1.8.0_102/lib/amd64;C:\ProgramData\Oracle\Java\javapath;C:\Program Files (x86)\Intel\iCLS Client\;C:\Program Files\Intel\iCLS Client\;C:\WINDOWS\system32;C:\WINDOWS;C:\WINDOWS\System32\Wbem;C:\WINDOWS\System32\WindowsPowerShell\v1.0\;C:\Program Files\Intel\Intel(R) Management Engine Components\DAL;C:\Program Files (x86)\Intel\Intel(R) Management Engine Components\DAL;C:\Program Files\Intel\Intel(R) Management Engine Components\IPT;C:\Program Files (x86)\Intel\Intel(R) Management Engine Components\IPT;C:\Program Files (x86)\GtkSharp\2.12\bin;C:\Program Files\WorldPainter;C:\Program Files (x86)\NVIDIA Corporation\PhysX\Common;C:\Program Files (x86)\Windows Kits\8.1\Windows Performance Toolkit\;C:\Program Files\ffmpeg\bin;C:\ProgramData\Oracle\Java\javapath;C:\Program Files (x86)\Intel\iCLS Client\;C:\Program Files\Intel\iCLS Client\;C:\Program Files (x86)\NVIDIA Corporation\PhysX\Common;C:\Windows\system32;C:\Windows;C:\Windows\System32\Wbem;C:\Windows\System32\WindowsPowerShell\v1.0\;C:\Program Files\Intel\Intel(R) Management Engine Components\DAL;C:\Program Files (x86)\Intel\Intel(R) Management Engine Components\DAL;C:\Program Files\Intel\Intel(R) Management Engine Components\IPT;C:\Program Files (x86)\Intel\Intel(R) Management Engine Components\IPT;C:\Program Files (x86)\GtkSharp\2.12\bin;C:\MinGW\bin;C:\MinGW\msys\1.0\bin;"C:\Program Files (x86)\Java\jdk1.8.0_102\bin";C:\Program Files (x86)\CMake\bin;C:\Users\Joseph\Desktop;
USERNAME=Joseph
OS=Windows_NT
PROCESSOR_IDENTIFIER=Intel64 Family 6 Model 60 Stepping 3, GenuineIntel



---------------  S Y S T E M  ---------------

OS: Windows 10.0 , 64 bit Build 10586 (10.0.10586.589)

CPU:total 8 (4 cores per cpu, 2 threads per core) family 6 model 60 stepping 3, cmov, cx8, fxsr, mmx, sse, sse2, sse3, ssse3, sse4.1, sse4.2, popcnt, avx, avx2, aes, clmul, erms, lzcnt, ht, tsc, tscinvbit, bmi1, bmi2

Memory: 4k page, physical 8270160k(3513072k free), swap 12202320k(5842040k free)

vm_info: Java HotSpot(TM) Client VM (25.102-b14) for windows-x86 JRE (1.8.0_102-b14), built on Jun 22 2016 13:13:29 by "java_re" with MS VC++ 10.0 (VS2010)

time: Sat Oct 01 21:44:41 2016
elapsed time: 4 seconds (0d 0h 0m 4s)

