#
# A fatal error has been detected by the Java Runtime Environment:
#
#  EXCEPTION_ACCESS_VIOLATION (0xc0000005) at pc=0x50d7e1f2, pid=10748, tid=0x0000285c
#
# JRE version: Java(TM) SE Runtime Environment (8.0_102-b14) (build 1.8.0_102-b14)
# Java VM: Java HotSpot(TM) Client VM (25.102-b14 mixed mode, sharing windows-x86 )
# Problematic frame:
# V  [jvm.dll+0x2e1f2]
#
# Failed to write core dump. Minidumps are not enabled by default on client versions of Windows
#
# If you would like to submit a bug report, please visit:
#   http://bugreport.java.com/bugreport/crash.jsp
#

---------------  T H R E A D  ---------------

Current thread (0x02510400):  JavaThread "C1 CompilerThread0" daemon [_thread_in_vm, id=10332, stack(0x154d0000,0x15520000)]

siginfo: ExceptionCode=0xc0000005, reading address 0x9481afe4

Registers:
EAX=0x50dd4ba5, EBX=0x02510400, ECX=0x1551f528, EDX=0x50dd4ba5
ESP=0x1551f510, EBP=0x1551f510, ESI=0x1551fb4c, EDI=0x024a2180
EIP=0x50d7e1f2, EFLAGS=0x00010216

Top of Stack: (sp=0x1551f510)
0x1551f510:   1551f564 50d7c799 50dd4ba5 1b6994b0
0x1551f520:   1b699430 00000000 156cf690 00000001
0x1551f530:   00000001 50dd4ba5 1b974100 0256f800
0x1551f540:   1551f554 025696a8 0256f800 0257169c
0x1551f550:   00028388 02510400 00000000 00000000
0x1551f560:   1b6994b0 1551f594 50d7529c 1551fb48
0x1551f570:   1b9738f0 02510400 1b6994a0 1b6993d0
0x1551f580:   1b699430 1551fb48 1b9738f0 02510400 

Instructions: (pc=0x50d7e1f2)
0x50d7e1d2:   5f 5e 5d c2 04 00 cc cc cc cc cc cc cc cc 55 8b
0x50d7e1e2:   ec 8b 45 08 83 f8 0c 75 07 a1 b4 74 0c 51 5d c3
0x50d7e1f2:   8b 04 85 50 81 0c 51 5d c3 cc cc cc cc cc 55 8b
0x50d7e202:   ec 8b 41 10 8b 4d 08 50 68 28 7d 01 51 51 e8 0b 


Register to memory mapping:

EAX=0x50dd4ba5 is an unknown value
EBX=0x02510400 is a thread
ECX=0x1551f528 is pointing into the stack for thread: 0x02510400
EDX=0x50dd4ba5 is an unknown value
ESP=0x1551f510 is pointing into the stack for thread: 0x02510400
EBP=0x1551f510 is pointing into the stack for thread: 0x02510400
ESI=0x1551fb4c is pointing into the stack for thread: 0x02510400
EDI=0x024a2180 is an unknown value


Stack: [0x154d0000,0x15520000],  sp=0x1551f510,  free space=317k
Native frames: (J=compiled Java code, j=interpreted, Vv=VM code, C=native code)
V  [jvm.dll+0x2e1f2]
V  [jvm.dll+0x2c799]
V  [jvm.dll+0x2529c]
V  [jvm.dll+0x29e76]
V  [jvm.dll+0x29f8e]
V  [jvm.dll+0x2068f]
V  [jvm.dll+0x207b2]
V  [jvm.dll+0x2da51]
V  [jvm.dll+0x294833]
V  [jvm.dll+0x297156]
V  [jvm.dll+0x297b76]
V  [jvm.dll+0x29bb5d]
V  [jvm.dll+0x29bcab]
V  [jvm.dll+0x289312]
V  [jvm.dll+0x2894fb]
V  [jvm.dll+0x28964a]
V  [jvm.dll+0x2897b8]
V  [jvm.dll+0x289a32]
V  [jvm.dll+0x6ffca]
V  [jvm.dll+0x7077f]
V  [jvm.dll+0x17d210]
V  [jvm.dll+0x17da8a]
V  [jvm.dll+0x1c2506]
C  [msvcr100.dll+0x5c556]
C  [msvcr100.dll+0x5c600]
C  [KERNEL32.DLL+0x138f4]
C  [ntdll.dll+0x65de3]
C  [ntdll.dll+0x65dae]
C  0x00000000


Current CompileTask:
C1:   3783  772 %           com.team.engine.Engine::start @ 315 (762 bytes)


---------------  P R O C E S S  ---------------

Java Threads: ( => current thread )
  0x15816800 JavaThread "Java2D Disposer" daemon [_thread_blocked, id=9472, stack(0x1c760000,0x1c7b0000)]
  0x0252f400 JavaThread "Service Thread" daemon [_thread_blocked, id=10772, stack(0x15560000,0x155b0000)]
=>0x02510400 JavaThread "C1 CompilerThread0" daemon [_thread_in_vm, id=10332, stack(0x154d0000,0x15520000)]
  0x0250f000 JavaThread "Attach Listener" daemon [_thread_blocked, id=10264, stack(0x15440000,0x15490000)]
  0x0250d000 JavaThread "Signal Dispatcher" daemon [_thread_blocked, id=10260, stack(0x153b0000,0x15400000)]
  0x02503000 JavaThread "Finalizer" daemon [_thread_blocked, id=1252, stack(0x14c70000,0x14cc0000)]
  0x024a6400 JavaThread "Reference Handler" daemon [_thread_blocked, id=1080, stack(0x14be0000,0x14c30000)]
  0x0247c000 JavaThread "main" [_thread_blocked, id=3916, stack(0x023e0000,0x02430000)]

Other Threads:
  0x024a2800 VMThread [stack: 0x14b50000,0x14ba0000] [id=6364]
  0x02547000 WatcherThread [stack: 0x155f0000,0x15640000] [id=2668]

VM state:synchronizing (normal execution)

VM Mutex/Monitor currently owned by a thread:  ([mutex/lock_event])
[0x0247a880] Threads_lock - owner thread: 0x024a2800

Heap:
 def new generation   total 4992K, used 3648K [0x04600000, 0x04b60000, 0x09b50000)
  eden space 4480K,  79% used [0x04600000, 0x0497cbe0, 0x04a60000)
  from space 512K,  15% used [0x04a60000, 0x04a73768, 0x04ae0000)
  to   space 512K,   0% used [0x04ae0000, 0x04ae0000, 0x04b60000)
 tenured generation   total 10944K, used 5565K [0x09b50000, 0x0a600000, 0x14600000)
   the space 10944K,  50% used [0x09b50000, 0x0a0bf520, 0x0a0bf600, 0x0a600000)
 Metaspace       used 4923K, capacity 6329K, committed 6400K, reserved 6528K

Card table byte_map: [0x14600000,0x14690000] byte_map_base: 0x145dd000

Polling page: 0x00b80000

CodeCache: size=32768Kb used=1852Kb max_used=1852Kb free=30915Kb
 bounds [0x02580000, 0x02750000, 0x04580000]
 total_blobs=1271 nmethods=769 adapters=433
 compilation: enabled

Compilation events (10 events):
Event: 3.657 Thread 0x02510400 nmethod 767 0x0274d1c8 code [0x0274d420, 0x0274dc84]
Event: 3.660 Thread 0x02510400  768             com.bulletphysics.collision.shapes.BoxShape::getHalfExtentsWithoutMargin (10 bytes)
Event: 3.661 Thread 0x02510400 nmethod 768 0x0274e5c8 code [0x0274e6c0, 0x0274e770]
Event: 3.661 Thread 0x02510400  769             com.bulletphysics.collision.narrowphase.PersistentManifold::getBody0 (5 bytes)
Event: 3.661 Thread 0x02510400 nmethod 769 0x0274e808 code [0x0274e900, 0x0274e980]
Event: 3.661 Thread 0x02510400  770             java.util.HashMap::<init> (11 bytes)
Event: 3.661 Thread 0x02510400 nmethod 770 0x0274e9c8 code [0x0274eac0, 0x0274eb40]
Event: 3.668 Thread 0x02510400  771   !         com.sun.jna.Structure::getFieldValue (50 bytes)
Event: 3.670 Thread 0x02510400 nmethod 771 0x0274eb88 code [0x0274ecf0, 0x0274f010]
Event: 3.673 Thread 0x02510400  772 %           com.team.engine.Engine::start @ 315 (762 bytes)

GC Heap History (10 events):
Event: 2.392 GC heap before
{Heap before GC invocations=29 (full 3):
 def new generation   total 4992K, used 2350K [0x04600000, 0x04b60000, 0x09b50000)
  eden space 4480K,  51% used [0x04600000, 0x0483fc00, 0x04a60000)
  from space 512K,   9% used [0x04ae0000, 0x04aebcb0, 0x04b60000)
  to   space 512K,   0% used [0x04a60000, 0x04a60000, 0x04ae0000)
 tenured generation   total 10944K, used 9037K [0x09b50000, 0x0a600000, 0x14600000)
   the space 10944K,  82% used [0x09b50000, 0x0a423668, 0x0a423800, 0x0a600000)
 Metaspace       used 4677K, capacity 6099K, committed 6144K, reserved 6528K
Event: 2.393 GC heap after
Heap after GC invocations=30 (full 3):
 def new generation   total 4992K, used 9K [0x04600000, 0x04b60000, 0x09b50000)
  eden space 4480K,   0% used [0x04600000, 0x04600000, 0x04a60000)
  from space 512K,   1% used [0x04a60000, 0x04a62498, 0x04ae0000)
  to   space 512K,   0% used [0x04ae0000, 0x04ae0000, 0x04b60000)
 tenured generation   total 10944K, used 9037K [0x09b50000, 0x0a600000, 0x14600000)
   the space 10944K,  82% used [0x09b50000, 0x0a423668, 0x0a423800, 0x0a600000)
 Metaspace       used 4677K, capacity 6099K, committed 6144K, reserved 6528K
}
Event: 2.511 GC heap before
{Heap before GC invocations=30 (full 3):
 def new generation   total 4992K, used 4192K [0x04600000, 0x04b60000, 0x09b50000)
  eden space 4480K,  93% used [0x04600000, 0x04a15e88, 0x04a60000)
  from space 512K,   1% used [0x04a60000, 0x04a62498, 0x04ae0000)
  to   space 512K,   0% used [0x04ae0000, 0x04ae0000, 0x04b60000)
 tenured generation   total 10944K, used 9037K [0x09b50000, 0x0a600000, 0x14600000)
   the space 10944K,  82% used [0x09b50000, 0x0a423668, 0x0a423800, 0x0a600000)
 Metaspace       used 4677K, capacity 6099K, committed 6144K, reserved 6528K
Event: 2.512 GC heap after
Heap after GC invocations=31 (full 3):
 def new generation   total 4992K, used 37K [0x04600000, 0x04b60000, 0x09b50000)
  eden space 4480K,   0% used [0x04600000, 0x04600000, 0x04a60000)
  from space 512K,   7% used [0x04ae0000, 0x04ae97b0, 0x04b60000)
  to   space 512K,   0% used [0x04a60000, 0x04a60000, 0x04ae0000)
 tenured generation   total 10944K, used 9037K [0x09b50000, 0x0a600000, 0x14600000)
   the space 10944K,  82% used [0x09b50000, 0x0a423668, 0x0a423800, 0x0a600000)
 Metaspace       used 4677K, capacity 6099K, committed 6144K, reserved 6528K
}
Event: 2.541 GC heap before
{Heap before GC invocations=31 (full 3):
 def new generation   total 4992K, used 4517K [0x04600000, 0x04b60000, 0x09b50000)
  eden space 4480K, 100% used [0x04600000, 0x04a60000, 0x04a60000)
  from space 512K,   7% used [0x04ae0000, 0x04ae97b0, 0x04b60000)
  to   space 512K,   0% used [0x04a60000, 0x04a60000, 0x04ae0000)
 tenured generation   total 10944K, used 9037K [0x09b50000, 0x0a600000, 0x14600000)
   the space 10944K,  82% used [0x09b50000, 0x0a423668, 0x0a423800, 0x0a600000)
 Metaspace       used 4677K, capacity 6099K, committed 6144K, reserved 6528K
Event: 2.551 GC heap after
Heap after GC invocations=32 (full 4):
 def new generation   total 4992K, used 0K [0x04600000, 0x04b60000, 0x09b50000)
  eden space 4480K,   0% used [0x04600000, 0x04600000, 0x04a60000)
  from space 512K,   0% used [0x04a60000, 0x04a60000, 0x04ae0000)
  to   space 512K,   0% used [0x04ae0000, 0x04ae0000, 0x04b60000)
 tenured generation   total 10944K, used 5565K [0x09b50000, 0x0a600000, 0x14600000)
   the space 10944K,  50% used [0x09b50000, 0x0a0bf520, 0x0a0bf600, 0x0a600000)
 Metaspace       used 4677K, capacity 6099K, committed 6144K, reserved 6528K
}
Event: 2.588 GC heap before
{Heap before GC invocations=32 (full 4):
 def new generation   total 4992K, used 2365K [0x04600000, 0x04b60000, 0x09b50000)
  eden space 4480K,  52% used [0x04600000, 0x0484f6d8, 0x04a60000)
  from space 512K,   0% used [0x04a60000, 0x04a60000, 0x04ae0000)
  to   space 512K,   0% used [0x04ae0000, 0x04ae0000, 0x04b60000)
 tenured generation   total 10944K, used 5565K [0x09b50000, 0x0a600000, 0x14600000)
   the space 10944K,  50% used [0x09b50000, 0x0a0bf520, 0x0a0bf600, 0x0a600000)
 Metaspace       used 4677K, capacity 6099K, committed 6144K, reserved 6528K
Event: 2.588 GC heap after
Heap after GC invocations=33 (full 4):
 def new generation   total 4992K, used 8K [0x04600000, 0x04b60000, 0x09b50000)
  eden space 4480K,   0% used [0x04600000, 0x04600000, 0x04a60000)
  from space 512K,   1% used [0x04ae0000, 0x04ae2108, 0x04b60000)
  to   space 512K,   0% used [0x04a60000, 0x04a60000, 0x04ae0000)
 tenured generation   total 10944K, used 5565K [0x09b50000, 0x0a600000, 0x14600000)
   the space 10944K,  50% used [0x09b50000, 0x0a0bf520, 0x0a0bf600, 0x0a600000)
 Metaspace       used 4677K, capacity 6099K, committed 6144K, reserved 6528K
}
Event: 2.722 GC heap before
{Heap before GC invocations=33 (full 4):
 def new generation   total 4992K, used 4488K [0x04600000, 0x04b60000, 0x09b50000)
  eden space 4480K, 100% used [0x04600000, 0x04a60000, 0x04a60000)
  from space 512K,   1% used [0x04ae0000, 0x04ae2108, 0x04b60000)
  to   space 512K,   0% used [0x04a60000, 0x04a60000, 0x04ae0000)
 tenured generation   total 10944K, used 5565K [0x09b50000, 0x0a600000, 0x14600000)
   the space 10944K,  50% used [0x09b50000, 0x0a0bf520, 0x0a0bf600, 0x0a600000)
 Metaspace       used 4796K, capacity 6195K, committed 6272K, reserved 6528K
Event: 2.723 GC heap after
Heap after GC invocations=34 (full 4):
 def new generation   total 4992K, used 77K [0x04600000, 0x04b60000, 0x09b50000)
  eden space 4480K,   0% used [0x04600000, 0x04600000, 0x04a60000)
  from space 512K,  15% used [0x04a60000, 0x04a73768, 0x04ae0000)
  to   space 512K,   0% used [0x04ae0000, 0x04ae0000, 0x04b60000)
 tenured generation   total 10944K, used 5565K [0x09b50000, 0x0a600000, 0x14600000)
   the space 10944K,  50% used [0x09b50000, 0x0a0bf520, 0x0a0bf600, 0x0a600000)
 Metaspace       used 4796K, capacity 6195K, committed 6272K, reserved 6528K
}

Deoptimization events (0 events):
No events

Internal exceptions (10 events):
Event: 0.056 Thread 0x0247c000 Exception <a 'java/security/PrivilegedActionException'> (0x0478a5d0) thrown at [C:\re\workspace\8-2-build-windows-i586-cygwin\jdk8u102\7268\hotspot\src\share\vm\prims\jvm.cpp, line 1386]
Event: 0.056 Thread 0x0247c000 Exception <a 'java/security/PrivilegedActionException'> (0x0478a7d0) thrown at [C:\re\workspace\8-2-build-windows-i586-cygwin\jdk8u102\7268\hotspot\src\share\vm\prims\jvm.cpp, line 1386]
Event: 0.057 Thread 0x0247c000 Exception <a 'java/security/PrivilegedActionException'> (0x0478e608) thrown at [C:\re\workspace\8-2-build-windows-i586-cygwin\jdk8u102\7268\hotspot\src\share\vm\prims\jvm.cpp, line 1386]
Event: 0.057 Thread 0x0247c000 Exception <a 'java/security/PrivilegedActionException'> (0x0478e808) thrown at [C:\re\workspace\8-2-build-windows-i586-cygwin\jdk8u102\7268\hotspot\src\share\vm\prims\jvm.cpp, line 1386]
Event: 0.194 Thread 0x0247c000 Exception <a 'java/lang/NoSuchFieldError': method resolution failed> (0x0461d510) thrown at [C:\re\workspace\8-2-build-windows-i586-cygwin\jdk8u102\7268\hotspot\src\share\vm\prims\methodHandles.cpp, line 1146]
Event: 0.195 Thread 0x0247c000 Exception <a 'java/lang/NoSuchFieldError': method resolution failed> (0x04629820) thrown at [C:\re\workspace\8-2-build-windows-i586-cygwin\jdk8u102\7268\hotspot\src\share\vm\prims\methodHandles.cpp, line 1146]
Event: 0.709 Thread 0x0247c000 Exception <a 'java/io/FileNotFoundException'> (0x046c40d8) thrown at [C:\re\workspace\8-2-build-windows-i586-cygwin\jdk8u102\7268\hotspot\src\share\vm\prims\jni.cpp, line 709]
Event: 1.220 Thread 0x0247c000 Exception <a 'java/lang/UnsatisfiedLinkError': The specified module could not be found.
> (0x049032b8) thrown at [C:\re\workspace\8-2-build-windows-i586-cygwin\jdk8u102\7268\hotspot\src\share\vm\prims\jni.cpp, line 735]
Event: 1.221 Thread 0x0247c000 Exception <a 'java/lang/UnsatisfiedLinkError': The specified module could not be found.
> (0x049035f8) thrown at [C:\re\workspace\8-2-build-windows-i586-cygwin\jdk8u102\7268\hotspot\src\share\vm\prims\jni.cpp, line 735]
Event: 1.221 Thread 0x0247c000 Exception <a 'java/lang/UnsatisfiedLinkError': The specified module could not be found.
> (0x049039b8) thrown at [C:\re\workspace\8-2-build-windows-i586-cygwin\jdk8u102\7268\hotspot\src\share\vm\prims\jni.cpp, line 735]

Events (10 events):
Event: 2.861 loading class vr/VREvent_Scroll_t
Event: 2.861 loading class vr/VREvent_Scroll_t done
Event: 2.862 loading class sun/reflect/UnsafeLongFieldAccessorImpl
Event: 2.862 loading class sun/reflect/UnsafeLongFieldAccessorImpl done
Event: 2.863 loading class sun/reflect/UnsafeFloatFieldAccessorImpl
Event: 2.863 loading class sun/reflect/UnsafeFloatFieldAccessorImpl done
Event: 2.866 loading class com/team/engine/vecmath/Mat4
Event: 2.867 loading class com/team/engine/vecmath/Mat4 done
Event: 2.972 loading class com/bulletphysics/dynamics/constraintsolver/SolverConstraintType
Event: 2.972 loading class com/bulletphysics/dynamics/constraintsolver/SolverConstraintType done


Dynamic libraries:
0x00ba0000 - 0x00bd3000 	C:\Program Files (x86)\Java\jre1.8.0_102\bin\javaw.exe
0x77520000 - 0x7769b000 	C:\WINDOWS\SYSTEM32\ntdll.dll
0x74810000 - 0x748f0000 	C:\WINDOWS\SYSTEM32\KERNEL32.DLL
0x76de0000 - 0x76f5e000 	C:\WINDOWS\SYSTEM32\KERNELBASE.dll
0x74ee0000 - 0x74f5b000 	C:\WINDOWS\SYSTEM32\ADVAPI32.dll
0x74fc0000 - 0x7507e000 	C:\WINDOWS\SYSTEM32\msvcrt.dll
0x76bc0000 - 0x76c04000 	C:\WINDOWS\SYSTEM32\sechost.dll
0x75300000 - 0x753ad000 	C:\WINDOWS\SYSTEM32\RPCRT4.dll
0x74250000 - 0x7426e000 	C:\WINDOWS\SYSTEM32\SspiCli.dll
0x74240000 - 0x7424a000 	C:\WINDOWS\SYSTEM32\CRYPTBASE.dll
0x74920000 - 0x74978000 	C:\WINDOWS\SYSTEM32\bcryptPrimitives.dll
0x77390000 - 0x774d7000 	C:\WINDOWS\SYSTEM32\USER32.dll
0x76c90000 - 0x76ddf000 	C:\WINDOWS\SYSTEM32\GDI32.dll
0x6e120000 - 0x6e32f000 	C:\WINDOWS\WinSxS\x86_microsoft.windows.common-controls_6595b64144ccf1df_6.0.10586.589_none_ea8aeaa1b9b5d5d4\COMCTL32.dll
0x742c0000 - 0x7447d000 	C:\WINDOWS\SYSTEM32\combase.dll
0x748f0000 - 0x7491b000 	C:\WINDOWS\SYSTEM32\IMM32.DLL
0x51120000 - 0x511df000 	C:\Program Files (x86)\Java\jre1.8.0_102\bin\msvcr100.dll
0x50d50000 - 0x5111d000 	C:\Program Files (x86)\Java\jre1.8.0_102\bin\client\jvm.dll
0x76b10000 - 0x76b16000 	C:\WINDOWS\SYSTEM32\PSAPI.DLL
0x6dfc0000 - 0x6dfc8000 	C:\WINDOWS\SYSTEM32\WSOCK32.dll
0x731a0000 - 0x731c4000 	C:\WINDOWS\SYSTEM32\WINMM.dll
0x72780000 - 0x72788000 	C:\WINDOWS\SYSTEM32\VERSION.dll
0x751b0000 - 0x7520f000 	C:\WINDOWS\SYSTEM32\WS2_32.dll
0x72140000 - 0x72163000 	C:\WINDOWS\SYSTEM32\WINMMBASE.dll
0x774e0000 - 0x77517000 	C:\WINDOWS\SYSTEM32\cfgmgr32.dll
0x514d0000 - 0x514dc000 	C:\Program Files (x86)\Java\jre1.8.0_102\bin\verify.dll
0x51220000 - 0x51241000 	C:\Program Files (x86)\Java\jre1.8.0_102\bin\java.dll
0x514b0000 - 0x514c3000 	C:\Program Files (x86)\Java\jre1.8.0_102\bin\zip.dll
0x75570000 - 0x7696e000 	C:\WINDOWS\SYSTEM32\SHELL32.dll
0x74980000 - 0x74e7a000 	C:\WINDOWS\SYSTEM32\windows.storage.dll
0x74270000 - 0x742b5000 	C:\WINDOWS\SYSTEM32\shlwapi.dll
0x74fb0000 - 0x74fbc000 	C:\WINDOWS\SYSTEM32\kernel.appcore.dll
0x74610000 - 0x7469d000 	C:\WINDOWS\SYSTEM32\shcore.dll
0x750a0000 - 0x750e4000 	C:\WINDOWS\SYSTEM32\powrprof.dll
0x77370000 - 0x7737f000 	C:\WINDOWS\SYSTEM32\profapi.dll
0x6f330000 - 0x6f343000 	C:\WINDOWS\SYSTEM32\CRYPTSP.dll
0x6f300000 - 0x6f32f000 	C:\WINDOWS\system32\rsaenh.dll
0x72120000 - 0x7213b000 	C:\WINDOWS\SYSTEM32\bcrypt.dll
0x705b0000 - 0x705c9000 	C:\WINDOWS\SYSTEM32\USERENV.dll
0x50890000 - 0x508a6000 	C:\Program Files (x86)\Java\jre1.8.0_102\bin\net.dll
0x73f30000 - 0x73f7f000 	C:\WINDOWS\system32\mswsock.dll
0x73ea0000 - 0x73ecf000 	C:\WINDOWS\SYSTEM32\IPHLPAPI.DLL
0x74600000 - 0x74607000 	C:\WINDOWS\SYSTEM32\NSI.dll
0x70540000 - 0x70553000 	C:\WINDOWS\SYSTEM32\dhcpcsvc6.DLL
0x70520000 - 0x70534000 	C:\WINDOWS\SYSTEM32\dhcpcsvc.DLL
0x51210000 - 0x5121f000 	C:\Program Files (x86)\Java\jre1.8.0_102\bin\nio.dll
0x50870000 - 0x5088d000 	C:\Users\Joseph\AppData\Local\Temp\jna--2070372689\jna6325984283306575219.dll
0x507b0000 - 0x50868000 	C:\Users\Joseph\git\Game-Engine\native\lwjgl32.dll
0x75210000 - 0x752fb000 	C:\WINDOWS\SYSTEM32\ole32.dll
0x50770000 - 0x507a6000 	C:\Users\Joseph\git\Game-Engine\native\glfw32.dll
0x6f510000 - 0x6f585000 	C:\WINDOWS\system32\uxtheme.dll
0x53b90000 - 0x53bc6000 	C:\WINDOWS\SYSTEM32\dinput8.dll
0x53b80000 - 0x53b8b000 	C:\WINDOWS\SYSTEM32\xinput1_4.dll
0x6ef20000 - 0x6ef42000 	C:\WINDOWS\SYSTEM32\DEVOBJ.dll
0x6f4f0000 - 0x6f50d000 	C:\WINDOWS\SYSTEM32\dwmapi.dll
0x5d470000 - 0x5d550000 	C:\WINDOWS\SYSTEM32\opengl32.dll
0x5d380000 - 0x5d46e000 	C:\WINDOWS\SYSTEM32\DDRAW.dll
0x5d350000 - 0x5d375000 	C:\WINDOWS\SYSTEM32\GLU32.dll
0x5d340000 - 0x5d347000 	C:\WINDOWS\SYSTEM32\DCIMAN32.dll
0x6de50000 - 0x6de5a000 	C:\WINDOWS\SYSTEM32\HID.DLL
0x76f60000 - 0x7736b000 	C:\WINDOWS\SYSTEM32\SETUPAPI.DLL
0x74f60000 - 0x74fa2000 	C:\WINDOWS\SYSTEM32\WINTRUST.dll
0x77380000 - 0x7738e000 	C:\WINDOWS\SYSTEM32\MSASN1.dll
0x74480000 - 0x745f9000 	C:\WINDOWS\SYSTEM32\CRYPT32.dll
0x50740000 - 0x50763000 	C:\WINDOWS\SYSTEM32\vulkan-1.dll
0x50650000 - 0x5073e000 	C:\Program Files (x86)\Java\jre1.8.0_102\bin\MSVCR120.dll
0x717e0000 - 0x71808000 	C:\WINDOWS\SYSTEM32\ntmarta.dll
0x75440000 - 0x7555f000 	C:\WINDOWS\SYSTEM32\MSCTF.dll
0x68e60000 - 0x6a6cc000 	C:\WINDOWS\SYSTEM32\nvoglv32.DLL
0x65f50000 - 0x6608f000 	C:\WINDOWS\SYSTEM32\dbghelp.dll
0x73310000 - 0x7331f000 	C:\WINDOWS\SYSTEM32\WTSAPI32.dll
0x70560000 - 0x705a4000 	C:\WINDOWS\SYSTEM32\WINSTA.dll
0x6e760000 - 0x6e7e2000 	C:\WINDOWS\system32\dxgi.dll
0x67520000 - 0x6773a000 	C:\WINDOWS\system32\d3d11.dll
0x51eb0000 - 0x52f96000 	C:\WINDOWS\SYSTEM32\nvwgf2um.dll
0x6c120000 - 0x6c271000 	C:\WINDOWS\system32\nvspcap.dll
0x76970000 - 0x76a05000 	C:\WINDOWS\SYSTEM32\OLEAUT32.dll
0x73bb0000 - 0x73c4b000 	C:\WINDOWS\SYSTEM32\WINHTTP.dll
0x6e7f0000 - 0x6eb5b000 	C:\WINDOWS\system32\nvapi.dll
0x50580000 - 0x50642000 	C:\Users\Joseph\git\Game-Engine\native\OpenAL32.dll
0x753b0000 - 0x75434000 	C:\WINDOWS\SYSTEM32\clbcatq.dll
0x65ac0000 - 0x65b15000 	C:\WINDOWS\System32\MMDevApi.dll
0x6dfd0000 - 0x6e11b000 	C:\WINDOWS\System32\PROPSYS.dll
0x65b20000 - 0x65ba6000 	C:\WINDOWS\SYSTEM32\dsound.dll
0x65a30000 - 0x65a98000 	C:\WINDOWS\SYSTEM32\AUDIOSES.DLL
0x6f3a0000 - 0x6f468000 	C:\WINDOWS\SYSTEM32\wintypes.dll
0x50550000 - 0x5057d000 	C:\Users\Joseph\git\Game-Engine\native\jemalloc32.dll
0x50400000 - 0x50545000 	C:\Program Files (x86)\Java\jre1.8.0_102\bin\awt.dll
0x6f590000 - 0x6f622000 	C:\WINDOWS\system32\apphelp.dll
0x503d0000 - 0x503f6000 	C:\Program Files (x86)\Java\jre1.8.0_102\bin\jpeg.dll
0x503a0000 - 0x503d0000 	C:\Program Files (x86)\Java\jre1.8.0_102\bin\lcms.dll
0x50350000 - 0x50394000 	C:\Users\Joseph\git\Game-Engine\bin\win32-x86\openvr_api.dll
0x50140000 - 0x50345000 	C:\Program Files (x86)\Steam\steamapps\common\SteamVR\bin\vrclient.dll
0x500c0000 - 0x50131000 	C:\WINDOWS\SYSTEM32\MSVCP120.dll
0x50d10000 - 0x50d20000 	C:\Program Files (x86)\Steam\steamapps\common\SteamVR\drivers\null\bin\win32\driver_null.dll

VM Arguments:
jvm_args: -Djava.library.path=C:\Users\Joseph\git\Game-Engine\native -Dfile.encoding=Cp1252 
java_command: com.team.engine.demos.GLDemo
java_class_path (initial): C:\Users\Joseph\git\Game-Engine\bin;C:\Users\Joseph\git\Game-Engine\lib\jbullet.jar;C:\Users\Joseph\git\Game-Engine\lib\stack-alloc.jar;C:\Users\Joseph\git\Game-Engine\lib\vecmath.jar;C:\Users\Joseph\git\Game-Engine\lib\lwjgl.jar;C:\Users\Joseph\git\Game-Engine\lib\libtiled.jar;C:\Users\Joseph\git\Game-Engine\lib\luaj-jse-3.0.1.jar;C:\Users\Joseph\git\Game-Engine\lib\jna-4.2.2.jar
Launcher Type: SUN_STANDARD

Environment Variables:
PATH=C:/Program Files/Java/jre1.8.0_102/bin/server;C:/Program Files/Java/jre1.8.0_102/bin;C:/Program Files/Java/jre1.8.0_102/lib/amd64;C:\ProgramData\Oracle\Java\javapath;C:\Program Files (x86)\Intel\iCLS Client\;C:\Program Files\Intel\iCLS Client\;C:\WINDOWS\system32;C:\WINDOWS;C:\WINDOWS\System32\Wbem;C:\WINDOWS\System32\WindowsPowerShell\v1.0\;C:\Program Files\Intel\Intel(R) Management Engine Components\DAL;C:\Program Files (x86)\Intel\Intel(R) Management Engine Components\DAL;C:\Program Files\Intel\Intel(R) Management Engine Components\IPT;C:\Program Files (x86)\Intel\Intel(R) Management Engine Components\IPT;C:\Program Files (x86)\GtkSharp\2.12\bin;C:\Program Files\WorldPainter;C:\Program Files (x86)\NVIDIA Corporation\PhysX\Common;C:\Program Files (x86)\Windows Kits\8.1\Windows Performance Toolkit\;C:\Program Files\ffmpeg\bin;C:\ProgramData\Oracle\Java\javapath;C:\Program Files (x86)\Intel\iCLS Client\;C:\Program Files\Intel\iCLS Client\;C:\Program Files (x86)\NVIDIA Corporation\PhysX\Common;C:\Windows\system32;C:\Windows;C:\Windows\System32\Wbem;C:\Windows\System32\WindowsPowerShell\v1.0\;C:\Program Files\Intel\Intel(R) Management Engine Components\DAL;C:\Program Files (x86)\Intel\Intel(R) Management Engine Components\DAL;C:\Program Files\Intel\Intel(R) Management Engine Components\IPT;C:\Program Files (x86)\Intel\Intel(R) Management Engine Components\IPT;C:\Program Files (x86)\GtkSharp\2.12\bin;C:\MinGW\bin;C:\MinGW\msys\1.0\bin;"C:\Program Files (x86)\Java\jdk1.8.0_102\bin";C:\Program Files (x86)\CMake\bin;C:\Users\Joseph\Desktop;
USERNAME=Joseph
OS=Windows_NT
PROCESSOR_IDENTIFIER=Intel64 Family 6 Model 60 Stepping 3, GenuineIntel



---------------  S Y S T E M  ---------------

OS: Windows 10.0 , 64 bit Build 10586 (10.0.10586.589)

CPU:total 8 (4 cores per cpu, 2 threads per core) family 6 model 60 stepping 3, cmov, cx8, fxsr, mmx, sse, sse2, sse3, ssse3, sse4.1, sse4.2, popcnt, avx, avx2, aes, clmul, erms, lzcnt, ht, tsc, tscinvbit, bmi1, bmi2

Memory: 4k page, physical 8270160k(3538472k free), swap 12202320k(5853248k free)

vm_info: Java HotSpot(TM) Client VM (25.102-b14) for windows-x86 JRE (1.8.0_102-b14), built on Jun 22 2016 13:13:29 by "java_re" with MS VC++ 10.0 (VS2010)

time: Sat Oct 01 21:42:24 2016
elapsed time: 3 seconds (0d 0h 0m 3s)

