#
# A fatal error has been detected by the Java Runtime Environment:
#
#  Internal Error (signature.cpp:54), pid=11400, tid=0x00002174
#  fatal error: expecting (
#
# JRE version: Java(TM) SE Runtime Environment (8.0_102-b14) (build 1.8.0_102-b14)
# Java VM: Java HotSpot(TM) Client VM (25.102-b14 mixed mode windows-x86 )
# Failed to write core dump. Minidumps are not enabled by default on client versions of Windows
#
# If you would like to submit a bug report, please visit:
#   http://bugreport.java.com/bugreport/crash.jsp
#

---------------  T H R E A D  ---------------

Current thread (0x0307c000):  VMThread [stack: 0x051b0000,0x05200000] [id=8564]

Stack: [0x051b0000,0x05200000],  sp=0x051fe38c,  free space=312k
Native frames: (J=compiled Java code, j=interpreted, Vv=VM code, C=native code)
V  [jvm.dll+0x1a9dbb]
V  [jvm.dll+0x1a2556]
V  [jvm.dll+0x172bf7]
V  [jvm.dll+0xb237d]
V  [jvm.dll+0xb3d4d]
V  [jvm.dll+0xb4adc]
V  [jvm.dll+0xb4e52]
V  [jvm.dll+0x86251]
V  [jvm.dll+0x868cd]
V  [jvm.dll+0x86dcb]
V  [jvm.dll+0xbc6af]
V  [jvm.dll+0xcd44b]
V  [jvm.dll+0x155b04]
V  [jvm.dll+0x155bf6]
V  [jvm.dll+0x17a1d2]
V  [jvm.dll+0x178bfa]
V  [jvm.dll+0x98100]
V  [jvm.dll+0x993f1]
V  [jvm.dll+0x952c9]
V  [jvm.dll+0x98fc3]
V  [jvm.dll+0x92ec5]
V  [jvm.dll+0x1b87e6]
V  [jvm.dll+0x182adb]
V  [jvm.dll+0x181ee1]
V  [jvm.dll+0x1822f7]
V  [jvm.dll+0x1824f2]
V  [jvm.dll+0x1c2506]
C  [msvcr100.dll+0x5c556]
C  [msvcr100.dll+0x5c600]
C  [KERNEL32.DLL+0x138f4]
C  [ntdll.dll+0x65de3]
C  [ntdll.dll+0x65dae]

JavaThread 0x02f7c000 (nid = 11024) was being processed
Java frames: (J=compiled Java code, j=interpreted, Vv=VM code)
j  java.util.zip.ZipFile.getZipEntry(Ljava/lang/String;J)Ljava/util/zip/ZipEntry;+0
J 291 C1 java.util.zip.ZipFile.getEntry(Ljava/lang/String;)Ljava/util/zip/ZipEntry; (86 bytes) @ 0x0319b778 [0x0319b5d0+0x1a8]
J 290 C1 java.util.jar.JarFile.getEntry(Ljava/lang/String;)Ljava/util/zip/ZipEntry; (22 bytes) @ 0x0319b008 [0x0319afe0+0x28]
J 149 C1 sun.misc.URLClassPath$JarLoader.getResource(Ljava/lang/String;Z)Lsun/misc/Resource; (85 bytes) @ 0x03153dc8 [0x03153d00+0xc8]
J 72 C1 sun.misc.URLClassPath.getResource(Ljava/lang/String;Z)Lsun/misc/Resource; (83 bytes) @ 0x03148608 [0x031485b0+0x58]
j  java.net.URLClassLoader$1.run()Ljava/lang/Class;+26
j  java.net.URLClassLoader$1.run()Ljava/lang/Object;+1
v  ~StubRoutines::call_stub
j  java.security.AccessController.doPrivileged(Ljava/security/PrivilegedExceptionAction;Ljava/security/AccessControlContext;)Ljava/lang/Object;+0
j  java.net.URLClassLoader.findClass(Ljava/lang/String;)Ljava/lang/Class;+13
J 311 C1 java.lang.ClassLoader.loadClass(Ljava/lang/String;Z)Ljava/lang/Class; (122 bytes) @ 0x031a374c [0x031a34f0+0x25c]
j  sun.misc.Launcher$AppClassLoader.loadClass(Ljava/lang/String;Z)Ljava/lang/Class;+81
j  java.lang.ClassLoader.loadClass(Ljava/lang/String;)Ljava/lang/Class;+3
v  ~StubRoutines::call_stub
j  com.bulletphysics.collision.narrowphase.GjkEpaPenetrationDepthSolver.calcPenDepth(Lcom/bulletphysics/collision/narrowphase/SimplexSolverInterface;Lcom/bulletphysics/collision/shapes/ConvexShape;Lcom/bulletphysics/collision/shapes/ConvexShape;Lcom/bulletphysics/linearmath/Transform;Lcom/bulletphysics/linearmath/Transform;Ljavax/vecmath/Vector3f;Ljavax/vecmath/Vector3f;Ljavax/vecmath/Vector3f;Lcom/bulletphysics/linearmath/IDebugDraw;)Z+3
j  com.bulletphysics.collision.narrowphase.GjkPairDetector.getClosestPoints(Lcom/bulletphysics/collision/narrowphase/DiscreteCollisionDetectorInterface$ClosestPointInput;Lcom/bulletphysics/collision/narrowphase/DiscreteCollisionDetectorInterface$Result;Lcom/bulletphysics/linearmath/IDebugDraw;Z)V+938
j  com.bulletphysics.collision.narrowphase.DiscreteCollisionDetectorInterface.getClosestPoints(Lcom/bulletphysics/collision/narrowphase/DiscreteCollisionDetectorInterface$ClosestPointInput;Lcom/bulletphysics/collision/narrowphase/DiscreteCollisionDetectorInterface$Result;Lcom/bulletphysics/linearmath/IDebugDraw;)V+5
j  com.bulletphysics.collision.dispatch.ConvexConvexAlgorithm.processCollision(Lcom/bulletphysics/collision/dispatch/CollisionObject;Lcom/bulletphysics/collision/dispatch/CollisionObject;Lcom/bulletphysics/collision/broadphase/DispatcherInfo;Lcom/bulletphysics/collision/dispatch/ManifoldResult;)V+158
j  com.bulletphysics.collision.dispatch.DefaultNearCallback.handleCollision(Lcom/bulletphysics/collision/broadphase/BroadphasePair;Lcom/bulletphysics/collision/dispatch/CollisionDispatcher;Lcom/bulletphysics/collision/broadphase/DispatcherInfo;)V+95
j  com.bulletphysics.collision.dispatch.CollisionDispatcher$CollisionPairCallback.processOverlap(Lcom/bulletphysics/collision/broadphase/BroadphasePair;)Z+16
j  com.bulletphysics.collision.broadphase.HashedOverlappingPairCache.processAllOverlappingPairs(Lcom/bulletphysics/collision/broadphase/OverlapCallback;Lcom/bulletphysics/collision/broadphase/Dispatcher;)V+29
j  com.bulletphysics.collision.dispatch.CollisionDispatcher.dispatchAllCollisionPairs(Lcom/bulletphysics/collision/broadphase/OverlappingPairCache;Lcom/bulletphysics/collision/broadphase/DispatcherInfo;Lcom/bulletphysics/collision/broadphase/Dispatcher;)V+15
j  com.bulletphysics.collision.dispatch.CollisionWorld.performDiscreteCollisionDetection()V+67
j  com.bulletphysics.dynamics.DiscreteDynamicsWorld.internalSingleStepSimulation(F)V+35
j  com.bulletphysics.dynamics.DiscreteDynamicsWorld.stepSimulation(FIF)I+163
j  com.bulletphysics.dynamics.DynamicsWorld.stepSimulation(FI)I+5
j  com.team.engine.Scene.update()V+272
j  com.team.engine.Engine.start(ZLcom/team/engine/AbstractGame;)V+403
j  com.team.engine.demos.GLDemo.main([Ljava/lang/String;)V+8
v  ~StubRoutines::call_stub
VM_Operation (0x02ebe960): GenCollectForAllocation, mode: safepoint, requested by thread 0x02f7c000


---------------  P R O C E S S  ---------------

Java Threads: ( => current thread )
  0x16177800 JavaThread "Java2D Disposer" daemon [_thread_blocked, id=10232, stack(0x1c720000,0x1c770000)]
  0x156af000 JavaThread "Service Thread" daemon [_thread_blocked, id=9872, stack(0x15c50000,0x15ca0000)]
  0x15686000 JavaThread "C1 CompilerThread0" daemon [_thread_blocked, id=4604, stack(0x15bc0000,0x15c10000)]
  0x15685000 JavaThread "Attach Listener" daemon [_thread_blocked, id=2220, stack(0x15b30000,0x15b80000)]
  0x15683000 JavaThread "Signal Dispatcher" daemon [_thread_blocked, id=10048, stack(0x15aa0000,0x15af0000)]
  0x15679800 JavaThread "Finalizer" daemon [_thread_blocked, id=11504, stack(0x15930000,0x15980000)]
  0x15663c00 JavaThread "Reference Handler" daemon [_thread_blocked, id=8980, stack(0x158a0000,0x158f0000)]
  0x02f7c000 JavaThread "main" [_thread_blocked, id=11024, stack(0x02e70000,0x02ec0000)]

Other Threads:
=>0x0307c000 VMThread [stack: 0x051b0000,0x05200000] [id=8564]
  0x156b2c00 WatcherThread [stack: 0x15ce0000,0x15d30000] [id=8088]

VM state:at safepoint (normal execution)

VM Mutex/Monitor currently owned by a thread:  ([mutex/lock_event])
[0x02f7aa88] Threads_lock - owner thread: 0x0307c000
[0x02f7b368] Heap_lock - owner thread: 0x02f7c000

Heap:
 def new generation   total 4992K, used 4558K [0x05200000, 0x05760000, 0x0a750000)
  eden space 4480K, 100% used [0x05200000, 0x05660000, 0x05660000)
  from space 512K,  15% used [0x05660000, 0x05673960, 0x056e0000)
  to   space 512K,   2% used [0x056e0000, 0x056e30a0, 0x05760000)
 tenured generation   total 10944K, used 5565K [0x0a750000, 0x0b200000, 0x15200000)
   the space 10944K,  50% used [0x0a750000, 0x0acbf6c8, 0x0acbf800, 0x0b200000)
 Metaspace       used 8063K, capacity 8225K, committed 8320K, reserved 8576K

Card table byte_map: [0x05080000,0x05110000] byte_map_base: 0x05057000

Polling page: 0x01680000

CodeCache: size=32768Kb used=1965Kb max_used=1965Kb free=30802Kb
 bounds [0x03080000, 0x03270000, 0x05080000]
 total_blobs=1315 nmethods=813 adapters=433
 compilation: enabled

Compilation events (10 events):
Event: 3.810 Thread 0x15686000  811             com.bulletphysics.BulletStats::popProfile (10 bytes)
Event: 3.810 Thread 0x15686000 nmethod 811 0x03269f88 code [0x0326a090, 0x0326a15c]
Event: 3.810 Thread 0x15686000  812             org.lwjgl.opengl.GL30::glBindVertexArray (24 bytes)
Event: 3.810 Thread 0x15686000 nmethod 812 0x0326a208 code [0x0326a340, 0x0326a530]
Event: 3.823 Thread 0x15686000  813             java.util.Properties::getProperty (46 bytes)
Event: 3.824 Thread 0x15686000 nmethod 813 0x0326a748 code [0x0326a860, 0x0326a998]
Event: 3.827 Thread 0x15686000  814             sun.reflect.UnsafeIntegerFieldAccessorImpl::get (13 bytes)
Event: 3.827 Thread 0x15686000 nmethod 814 0x0326aa48 code [0x0326ab80, 0x0326adb0]
Event: 3.827 Thread 0x15686000  815             sun.reflect.UnsafeIntegerFieldAccessorImpl::getInt (17 bytes)
Event: 3.827 Thread 0x15686000 nmethod 815 0x0326b108 code [0x0326b240, 0x0326b410]

GC Heap History (10 events):
Event: 2.342 GC heap after
Heap after GC invocations=30 (full 3):
 def new generation   total 4992K, used 9K [0x05200000, 0x05760000, 0x0a750000)
  eden space 4480K,   0% used [0x05200000, 0x05200000, 0x05660000)
  from space 512K,   1% used [0x05660000, 0x05662498, 0x056e0000)
  to   space 512K,   0% used [0x056e0000, 0x056e0000, 0x05760000)
 tenured generation   total 10944K, used 9036K [0x0a750000, 0x0b200000, 0x15200000)
   the space 10944K,  82% used [0x0a750000, 0x0b023378, 0x0b023400, 0x0b200000)
 Metaspace       used 7765K, capacity 7963K, committed 8064K, reserved 8576K
}
Event: 2.457 GC heap before
{Heap before GC invocations=30 (full 3):
 def new generation   total 4992K, used 4193K [0x05200000, 0x05760000, 0x0a750000)
  eden space 4480K,  93% used [0x05200000, 0x05616110, 0x05660000)
  from space 512K,   1% used [0x05660000, 0x05662498, 0x056e0000)
  to   space 512K,   0% used [0x056e0000, 0x056e0000, 0x05760000)
 tenured generation   total 10944K, used 9036K [0x0a750000, 0x0b200000, 0x15200000)
   the space 10944K,  82% used [0x0a750000, 0x0b023378, 0x0b023400, 0x0b200000)
 Metaspace       used 7765K, capacity 7963K, committed 8064K, reserved 8576K
Event: 2.459 GC heap after
Heap after GC invocations=31 (full 3):
 def new generation   total 4992K, used 37K [0x05200000, 0x05760000, 0x0a750000)
  eden space 4480K,   0% used [0x05200000, 0x05200000, 0x05660000)
  from space 512K,   7% used [0x056e0000, 0x056e97b0, 0x05760000)
  to   space 512K,   0% used [0x05660000, 0x05660000, 0x056e0000)
 tenured generation   total 10944K, used 9036K [0x0a750000, 0x0b200000, 0x15200000)
   the space 10944K,  82% used [0x0a750000, 0x0b023378, 0x0b023400, 0x0b200000)
 Metaspace       used 7765K, capacity 7963K, committed 8064K, reserved 8576K
}
Event: 2.486 GC heap before
{Heap before GC invocations=31 (full 3):
 def new generation   total 4992K, used 4515K [0x05200000, 0x05760000, 0x0a750000)
  eden space 4480K,  99% used [0x05200000, 0x0565f4d8, 0x05660000)
  from space 512K,   7% used [0x056e0000, 0x056e97b0, 0x05760000)
  to   space 512K,   0% used [0x05660000, 0x05660000, 0x056e0000)
 tenured generation   total 10944K, used 9036K [0x0a750000, 0x0b200000, 0x15200000)
   the space 10944K,  82% used [0x0a750000, 0x0b023378, 0x0b023400, 0x0b200000)
 Metaspace       used 7765K, capacity 7963K, committed 8064K, reserved 8576K
Event: 2.499 GC heap after
Heap after GC invocations=32 (full 4):
 def new generation   total 4992K, used 0K [0x05200000, 0x05760000, 0x0a750000)
  eden space 4480K,   0% used [0x05200000, 0x05200000, 0x05660000)
  from space 512K,   0% used [0x05660000, 0x05660000, 0x056e0000)
  to   space 512K,   0% used [0x056e0000, 0x056e0000, 0x05760000)
 tenured generation   total 10944K, used 5565K [0x0a750000, 0x0b200000, 0x15200000)
   the space 10944K,  50% used [0x0a750000, 0x0acbf6c8, 0x0acbf800, 0x0b200000)
 Metaspace       used 7765K, capacity 7963K, committed 8064K, reserved 8576K
}
Event: 2.539 GC heap before
{Heap before GC invocations=32 (full 4):
 def new generation   total 4992K, used 2364K [0x05200000, 0x05760000, 0x0a750000)
  eden space 4480K,  52% used [0x05200000, 0x0544f2a0, 0x05660000)
  from space 512K,   0% used [0x05660000, 0x05660000, 0x056e0000)
  to   space 512K,   0% used [0x056e0000, 0x056e0000, 0x05760000)
 tenured generation   total 10944K, used 5565K [0x0a750000, 0x0b200000, 0x15200000)
   the space 10944K,  50% used [0x0a750000, 0x0acbf6c8, 0x0acbf800, 0x0b200000)
 Metaspace       used 7765K, capacity 7963K, committed 8064K, reserved 8576K
Event: 2.541 GC heap after
Heap after GC invocations=33 (full 4):
 def new generation   total 4992K, used 8K [0x05200000, 0x05760000, 0x0a750000)
  eden space 4480K,   0% used [0x05200000, 0x05200000, 0x05660000)
  from space 512K,   1% used [0x056e0000, 0x056e2108, 0x05760000)
  to   space 512K,   0% used [0x05660000, 0x05660000, 0x056e0000)
 tenured generation   total 10944K, used 5565K [0x0a750000, 0x0b200000, 0x15200000)
   the space 10944K,  50% used [0x0a750000, 0x0acbf6c8, 0x0acbf800, 0x0b200000)
 Metaspace       used 7765K, capacity 7963K, committed 8064K, reserved 8576K
}
Event: 2.648 GC heap before
{Heap before GC invocations=33 (full 4):
 def new generation   total 4992K, used 4488K [0x05200000, 0x05760000, 0x0a750000)
  eden space 4480K, 100% used [0x05200000, 0x05660000, 0x05660000)
  from space 512K,   1% used [0x056e0000, 0x056e2108, 0x05760000)
  to   space 512K,   0% used [0x05660000, 0x05660000, 0x056e0000)
 tenured generation   total 10944K, used 5565K [0x0a750000, 0x0b200000, 0x15200000)
   the space 10944K,  50% used [0x0a750000, 0x0acbf6c8, 0x0acbf800, 0x0b200000)
 Metaspace       used 7884K, capacity 8059K, committed 8192K, reserved 8576K
Event: 2.649 GC heap after
Heap after GC invocations=34 (full 4):
 def new generation   total 4992K, used 78K [0x05200000, 0x05760000, 0x0a750000)
  eden space 4480K,   0% used [0x05200000, 0x05200000, 0x05660000)
  from space 512K,  15% used [0x05660000, 0x05673960, 0x056e0000)
  to   space 512K,   0% used [0x056e0000, 0x056e0000, 0x05760000)
 tenured generation   total 10944K, used 5565K [0x0a750000, 0x0b200000, 0x15200000)
   the space 10944K,  50% used [0x0a750000, 0x0acbf6c8, 0x0acbf800, 0x0b200000)
 Metaspace       used 7884K, capacity 8059K, committed 8192K, reserved 8576K
}
Event: 3.842 GC heap before
{Heap before GC invocations=34 (full 4):
 def new generation   total 4992K, used 4558K [0x05200000, 0x05760000, 0x0a750000)
  eden space 4480K, 100% used [0x05200000, 0x05660000, 0x05660000)
  from space 512K,  15% used [0x05660000, 0x05673960, 0x056e0000)
  to   space 512K,   0% used [0x056e0000, 0x056e0000, 0x05760000)
 tenured generation   total 10944K, used 5565K [0x0a750000, 0x0b200000, 0x15200000)
   the space 10944K,  50% used [0x0a750000, 0x0acbf6c8, 0x0acbf800, 0x0b200000)
 Metaspace       used 8063K, capacity 8225K, committed 8320K, reserved 8576K

Deoptimization events (0 events):
No events

Internal exceptions (10 events):
Event: 0.119 Thread 0x02f7c000 Exception <a 'java/security/PrivilegedActionException'> (0x05389c38) thrown at [C:\re\workspace\8-2-build-windows-i586-cygwin\jdk8u102\7268\hotspot\src\share\vm\prims\jvm.cpp, line 1386]
Event: 0.119 Thread 0x02f7c000 Exception <a 'java/security/PrivilegedActionException'> (0x05389e38) thrown at [C:\re\workspace\8-2-build-windows-i586-cygwin\jdk8u102\7268\hotspot\src\share\vm\prims\jvm.cpp, line 1386]
Event: 0.119 Thread 0x02f7c000 Exception <a 'java/security/PrivilegedActionException'> (0x0538dc70) thrown at [C:\re\workspace\8-2-build-windows-i586-cygwin\jdk8u102\7268\hotspot\src\share\vm\prims\jvm.cpp, line 1386]
Event: 0.119 Thread 0x02f7c000 Exception <a 'java/security/PrivilegedActionException'> (0x0538de70) thrown at [C:\re\workspace\8-2-build-windows-i586-cygwin\jdk8u102\7268\hotspot\src\share\vm\prims\jvm.cpp, line 1386]
Event: 0.280 Thread 0x02f7c000 Exception <a 'java/lang/NoSuchFieldError': method resolution failed> (0x0521d730) thrown at [C:\re\workspace\8-2-build-windows-i586-cygwin\jdk8u102\7268\hotspot\src\share\vm\prims\methodHandles.cpp, line 1146]
Event: 0.281 Thread 0x02f7c000 Exception <a 'java/lang/NoSuchFieldError': method resolution failed> (0x05229a40) thrown at [C:\re\workspace\8-2-build-windows-i586-cygwin\jdk8u102\7268\hotspot\src\share\vm\prims\methodHandles.cpp, line 1146]
Event: 0.893 Thread 0x02f7c000 Exception <a 'java/io/FileNotFoundException'> (0x052c1cb0) thrown at [C:\re\workspace\8-2-build-windows-i586-cygwin\jdk8u102\7268\hotspot\src\share\vm\prims\jni.cpp, line 709]
Event: 1.542 Thread 0x02f7c000 Exception <a 'java/lang/UnsatisfiedLinkError': The specified module could not be found.
> (0x05503f30) thrown at [C:\re\workspace\8-2-build-windows-i586-cygwin\jdk8u102\7268\hotspot\src\share\vm\prims\jni.cpp, line 735]
Event: 1.543 Thread 0x02f7c000 Exception <a 'java/lang/UnsatisfiedLinkError': The specified module could not be found.
> (0x05504270) thrown at [C:\re\workspace\8-2-build-windows-i586-cygwin\jdk8u102\7268\hotspot\src\share\vm\prims\jni.cpp, line 735]
Event: 1.544 Thread 0x02f7c000 Exception <a 'java/lang/UnsatisfiedLinkError': The specified module could not be found.
> (0x05504630) thrown at [C:\re\workspace\8-2-build-windows-i586-cygwin\jdk8u102\7268\hotspot\src\share\vm\prims\jni.cpp, line 735]

Events (10 events):
Event: 2.975 loading class sun/reflect/MethodAccessorGenerator$1 done
Event: 2.975 loading class sun/reflect/ClassDefiner
Event: 2.975 loading class sun/reflect/ClassDefiner done
Event: 2.975 loading class sun/reflect/ClassDefiner$1
Event: 2.975 loading class sun/reflect/ClassDefiner$1 done
Event: 2.975 loading class sun/reflect/BootstrapConstructorAccessorImpl
Event: 2.975 loading class sun/reflect/BootstrapConstructorAccessorImpl done
Event: 3.842 loading class com/bulletphysics/collision/narrowphase/GjkEpaSolver$Results
Event: 3.842 loading class com/bulletphysics/collision/narrowphase/GjkEpaSolver$Results done
Event: 3.842 Executing VM operation: GenCollectForAllocation


Dynamic libraries:
0x00ba0000 - 0x00bd3000 	C:\Program Files (x86)\Java\jre1.8.0_102\bin\javaw.exe
0x77520000 - 0x7769b000 	C:\WINDOWS\SYSTEM32\ntdll.dll
0x74810000 - 0x748f0000 	C:\WINDOWS\SYSTEM32\KERNEL32.DLL
0x76de0000 - 0x76f5e000 	C:\WINDOWS\SYSTEM32\KERNELBASE.dll
0x74ee0000 - 0x74f5b000 	C:\WINDOWS\SYSTEM32\ADVAPI32.dll
0x74fc0000 - 0x7507e000 	C:\WINDOWS\SYSTEM32\msvcrt.dll
0x76bc0000 - 0x76c04000 	C:\WINDOWS\SYSTEM32\sechost.dll
0x75300000 - 0x753ad000 	C:\WINDOWS\SYSTEM32\RPCRT4.dll
0x74250000 - 0x7426e000 	C:\WINDOWS\SYSTEM32\SspiCli.dll
0x74240000 - 0x7424a000 	C:\WINDOWS\SYSTEM32\CRYPTBASE.dll
0x74920000 - 0x74978000 	C:\WINDOWS\SYSTEM32\bcryptPrimitives.dll
0x77390000 - 0x774d7000 	C:\WINDOWS\SYSTEM32\USER32.dll
0x76c90000 - 0x76ddf000 	C:\WINDOWS\SYSTEM32\GDI32.dll
0x6e120000 - 0x6e32f000 	C:\WINDOWS\WinSxS\x86_microsoft.windows.common-controls_6595b64144ccf1df_6.0.10586.589_none_ea8aeaa1b9b5d5d4\COMCTL32.dll
0x742c0000 - 0x7447d000 	C:\WINDOWS\SYSTEM32\combase.dll
0x748f0000 - 0x7491b000 	C:\WINDOWS\SYSTEM32\IMM32.DLL
0x51120000 - 0x511df000 	C:\Program Files (x86)\Java\jre1.8.0_102\bin\msvcr100.dll
0x50d50000 - 0x5111d000 	C:\Program Files (x86)\Java\jre1.8.0_102\bin\client\jvm.dll
0x76b10000 - 0x76b16000 	C:\WINDOWS\SYSTEM32\PSAPI.DLL
0x72780000 - 0x72788000 	C:\WINDOWS\SYSTEM32\VERSION.dll
0x6dfc0000 - 0x6dfc8000 	C:\WINDOWS\SYSTEM32\WSOCK32.dll
0x731a0000 - 0x731c4000 	C:\WINDOWS\SYSTEM32\WINMM.dll
0x751b0000 - 0x7520f000 	C:\WINDOWS\SYSTEM32\WS2_32.dll
0x02de0000 - 0x02e03000 	C:\WINDOWS\SYSTEM32\WINMMBASE.dll
0x774e0000 - 0x77517000 	C:\WINDOWS\SYSTEM32\cfgmgr32.dll
0x514d0000 - 0x514dc000 	C:\Program Files (x86)\Java\jre1.8.0_102\bin\verify.dll
0x51220000 - 0x51241000 	C:\Program Files (x86)\Java\jre1.8.0_102\bin\java.dll
0x514b0000 - 0x514c3000 	C:\Program Files (x86)\Java\jre1.8.0_102\bin\zip.dll
0x75570000 - 0x7696e000 	C:\WINDOWS\SYSTEM32\SHELL32.dll
0x74980000 - 0x74e7a000 	C:\WINDOWS\SYSTEM32\windows.storage.dll
0x74270000 - 0x742b5000 	C:\WINDOWS\SYSTEM32\shlwapi.dll
0x74fb0000 - 0x74fbc000 	C:\WINDOWS\SYSTEM32\kernel.appcore.dll
0x74610000 - 0x7469d000 	C:\WINDOWS\SYSTEM32\shcore.dll
0x750a0000 - 0x750e4000 	C:\WINDOWS\SYSTEM32\powrprof.dll
0x77370000 - 0x7737f000 	C:\WINDOWS\SYSTEM32\profapi.dll
0x6f330000 - 0x6f343000 	C:\WINDOWS\SYSTEM32\CRYPTSP.dll
0x6f300000 - 0x6f32f000 	C:\WINDOWS\system32\rsaenh.dll
0x72120000 - 0x7213b000 	C:\WINDOWS\SYSTEM32\bcrypt.dll
0x705b0000 - 0x705c9000 	C:\WINDOWS\SYSTEM32\USERENV.dll
0x50890000 - 0x508a6000 	C:\Program Files (x86)\Java\jre1.8.0_102\bin\net.dll
0x73f30000 - 0x73f7f000 	C:\WINDOWS\system32\mswsock.dll
0x73ea0000 - 0x73ecf000 	C:\WINDOWS\SYSTEM32\IPHLPAPI.DLL
0x74600000 - 0x74607000 	C:\WINDOWS\SYSTEM32\NSI.dll
0x70540000 - 0x70553000 	C:\WINDOWS\SYSTEM32\dhcpcsvc6.DLL
0x70520000 - 0x70534000 	C:\WINDOWS\SYSTEM32\dhcpcsvc.DLL
0x51210000 - 0x5121f000 	C:\Program Files (x86)\Java\jre1.8.0_102\bin\nio.dll
0x50870000 - 0x5088d000 	C:\Users\Joseph\AppData\Local\Temp\jna--2070372689\jna2417125070068671209.dll
0x507b0000 - 0x50868000 	C:\Users\Joseph\git\Game-Engine\native\lwjgl32.dll
0x75210000 - 0x752fb000 	C:\WINDOWS\SYSTEM32\ole32.dll
0x50770000 - 0x507a6000 	C:\Users\Joseph\git\Game-Engine\native\glfw32.dll
0x6f510000 - 0x6f585000 	C:\WINDOWS\system32\uxtheme.dll
0x53b90000 - 0x53bc6000 	C:\WINDOWS\SYSTEM32\dinput8.dll
0x53b80000 - 0x53b8b000 	C:\WINDOWS\SYSTEM32\xinput1_4.dll
0x6ef20000 - 0x6ef42000 	C:\WINDOWS\SYSTEM32\DEVOBJ.dll
0x6f4f0000 - 0x6f50d000 	C:\WINDOWS\SYSTEM32\dwmapi.dll
0x5d470000 - 0x5d550000 	C:\WINDOWS\SYSTEM32\opengl32.dll
0x5d350000 - 0x5d375000 	C:\WINDOWS\SYSTEM32\GLU32.dll
0x5d380000 - 0x5d46e000 	C:\WINDOWS\SYSTEM32\DDRAW.dll
0x5d340000 - 0x5d347000 	C:\WINDOWS\SYSTEM32\DCIMAN32.dll
0x6de50000 - 0x6de5a000 	C:\WINDOWS\SYSTEM32\HID.DLL
0x76f60000 - 0x7736b000 	C:\WINDOWS\SYSTEM32\SETUPAPI.DLL
0x74f60000 - 0x74fa2000 	C:\WINDOWS\SYSTEM32\WINTRUST.dll
0x77380000 - 0x7738e000 	C:\WINDOWS\SYSTEM32\MSASN1.dll
0x74480000 - 0x745f9000 	C:\WINDOWS\SYSTEM32\CRYPT32.dll
0x50740000 - 0x50763000 	C:\WINDOWS\SYSTEM32\vulkan-1.dll
0x50650000 - 0x5073e000 	C:\Program Files (x86)\Java\jre1.8.0_102\bin\MSVCR120.dll
0x717e0000 - 0x71808000 	C:\WINDOWS\SYSTEM32\ntmarta.dll
0x75440000 - 0x7555f000 	C:\WINDOWS\SYSTEM32\MSCTF.dll
0x68e60000 - 0x6a6cc000 	C:\WINDOWS\SYSTEM32\nvoglv32.DLL
0x73310000 - 0x7331f000 	C:\WINDOWS\SYSTEM32\WTSAPI32.dll
0x65f50000 - 0x6608f000 	C:\WINDOWS\SYSTEM32\dbghelp.dll
0x70560000 - 0x705a4000 	C:\WINDOWS\SYSTEM32\WINSTA.dll
0x6e760000 - 0x6e7e2000 	C:\WINDOWS\system32\dxgi.dll
0x67520000 - 0x6773a000 	C:\WINDOWS\system32\d3d11.dll
0x51eb0000 - 0x52f96000 	C:\WINDOWS\SYSTEM32\nvwgf2um.dll
0x6c120000 - 0x6c271000 	C:\WINDOWS\system32\nvspcap.dll
0x76970000 - 0x76a05000 	C:\WINDOWS\SYSTEM32\OLEAUT32.dll
0x73bb0000 - 0x73c4b000 	C:\WINDOWS\SYSTEM32\WINHTTP.dll
0x6e7f0000 - 0x6eb5b000 	C:\WINDOWS\system32\nvapi.dll
0x50580000 - 0x50642000 	C:\Users\Joseph\git\Game-Engine\native\OpenAL32.dll
0x753b0000 - 0x75434000 	C:\WINDOWS\SYSTEM32\clbcatq.dll
0x65ac0000 - 0x65b15000 	C:\WINDOWS\System32\MMDevApi.dll
0x6dfd0000 - 0x6e11b000 	C:\WINDOWS\System32\PROPSYS.dll
0x65b20000 - 0x65ba6000 	C:\WINDOWS\SYSTEM32\dsound.dll
0x65a30000 - 0x65a98000 	C:\WINDOWS\SYSTEM32\AUDIOSES.DLL
0x6f3a0000 - 0x6f468000 	C:\WINDOWS\SYSTEM32\wintypes.dll
0x50550000 - 0x5057d000 	C:\Users\Joseph\git\Game-Engine\native\jemalloc32.dll
0x50400000 - 0x50545000 	C:\Program Files (x86)\Java\jre1.8.0_102\bin\awt.dll
0x6f590000 - 0x6f622000 	C:\WINDOWS\system32\apphelp.dll
0x503d0000 - 0x503f6000 	C:\Program Files (x86)\Java\jre1.8.0_102\bin\jpeg.dll
0x503a0000 - 0x503d0000 	C:\Program Files (x86)\Java\jre1.8.0_102\bin\lcms.dll
0x50350000 - 0x50394000 	C:\Users\Joseph\git\Game-Engine\bin\win32-x86\openvr_api.dll
0x50140000 - 0x50345000 	C:\Program Files (x86)\Steam\steamapps\common\SteamVR\bin\vrclient.dll
0x500c0000 - 0x50131000 	C:\WINDOWS\SYSTEM32\MSVCP120.dll
0x50d10000 - 0x50d20000 	C:\Program Files (x86)\Steam\steamapps\common\SteamVR\drivers\null\bin\win32\driver_null.dll

VM Arguments:
jvm_args: -Djava.library.path=C:\Users\Joseph\git\Game-Engine\native -Dfile.encoding=Cp1252 
java_command: com.team.engine.demos.GLDemo
java_class_path (initial): C:\Users\Joseph\git\Game-Engine\bin;C:\Users\Joseph\git\Game-Engine\lib\jbullet.jar;C:\Users\Joseph\git\Game-Engine\lib\stack-alloc.jar;C:\Users\Joseph\git\Game-Engine\lib\vecmath.jar;C:\Users\Joseph\git\Game-Engine\lib\lwjgl.jar;C:\Users\Joseph\git\Game-Engine\lib\libtiled.jar;C:\Users\Joseph\git\Game-Engine\lib\luaj-jse-3.0.1.jar;C:\Users\Joseph\git\Game-Engine\lib\jna-4.2.2.jar
Launcher Type: SUN_STANDARD

Environment Variables:
PATH=C:/Program Files/Java/jre1.8.0_102/bin/server;C:/Program Files/Java/jre1.8.0_102/bin;C:/Program Files/Java/jre1.8.0_102/lib/amd64;C:\ProgramData\Oracle\Java\javapath;C:\Program Files (x86)\Intel\iCLS Client\;C:\Program Files\Intel\iCLS Client\;C:\WINDOWS\system32;C:\WINDOWS;C:\WINDOWS\System32\Wbem;C:\WINDOWS\System32\WindowsPowerShell\v1.0\;C:\Program Files\Intel\Intel(R) Management Engine Components\DAL;C:\Program Files (x86)\Intel\Intel(R) Management Engine Components\DAL;C:\Program Files\Intel\Intel(R) Management Engine Components\IPT;C:\Program Files (x86)\Intel\Intel(R) Management Engine Components\IPT;C:\Program Files (x86)\GtkSharp\2.12\bin;C:\Program Files\WorldPainter;C:\Program Files (x86)\NVIDIA Corporation\PhysX\Common;C:\Program Files (x86)\Windows Kits\8.1\Windows Performance Toolkit\;C:\Program Files\ffmpeg\bin;C:\ProgramData\Oracle\Java\javapath;C:\Program Files (x86)\Intel\iCLS Client\;C:\Program Files\Intel\iCLS Client\;C:\Program Files (x86)\NVIDIA Corporation\PhysX\Common;C:\Windows\system32;C:\Windows;C:\Windows\System32\Wbem;C:\Windows\System32\WindowsPowerShell\v1.0\;C:\Program Files\Intel\Intel(R) Management Engine Components\DAL;C:\Program Files (x86)\Intel\Intel(R) Management Engine Components\DAL;C:\Program Files\Intel\Intel(R) Management Engine Components\IPT;C:\Program Files (x86)\Intel\Intel(R) Management Engine Components\IPT;C:\Program Files (x86)\GtkSharp\2.12\bin;C:\MinGW\bin;C:\MinGW\msys\1.0\bin;"C:\Program Files (x86)\Java\jdk1.8.0_102\bin";C:\Program Files (x86)\CMake\bin;C:\Users\Joseph\Desktop;
USERNAME=Joseph
OS=Windows_NT
PROCESSOR_IDENTIFIER=Intel64 Family 6 Model 60 Stepping 3, GenuineIntel



---------------  S Y S T E M  ---------------

OS: Windows 10.0 , 64 bit Build 10586 (10.0.10586.589)

CPU:total 8 (4 cores per cpu, 2 threads per core) family 6 model 60 stepping 3, cmov, cx8, fxsr, mmx, sse, sse2, sse3, ssse3, sse4.1, sse4.2, popcnt, avx, avx2, aes, clmul, erms, lzcnt, ht, tsc, tscinvbit, bmi1, bmi2

Memory: 4k page, physical 8270160k(3528996k free), swap 12202320k(5797484k free)

vm_info: Java HotSpot(TM) Client VM (25.102-b14) for windows-x86 JRE (1.8.0_102-b14), built on Jun 22 2016 13:13:29 by "java_re" with MS VC++ 10.0 (VS2010)

time: Sat Oct 01 21:44:17 2016
elapsed time: 3 seconds (0d 0h 0m 3s)

